[2020-11-05T16:14:48.767] [INFO] default - {
  html_attributions: [],
  results: [
    {
      business_status: 'OPERATIONAL',
      formatted_address: '5537 Chamblee Dunwoody Rd, Dunwoody, GA 30338, United States',
      geometry: [Object],
      icon: 'https://maps.gstatic.com/mapfiles/place_api/icons/v1/png_71/restaurant-71.png',
      name: 'Royal Spice Indian Restaurant',
      opening_hours: [Object],
      photos: [Array],
      place_id: 'ChIJiX0KBfgL9YgRQEIpv4qP6Ek',
      plus_code: [Object],
      rating: 4.7,
      reference: 'ChIJiX0KBfgL9YgRQEIpv4qP6Ek',
      types: [Array],
      user_ratings_total: 72,
      dataSource: undefined,
      creationDate: 2020-11-05T21:14:48.698Z
    },
    {
      business_status: 'OPERATIONAL',
      formatted_address: '4719 Ashford Dunwoody Rd #104, Dunwoody, GA 30338, United States',
      geometry: [Object],
      icon: 'https://maps.gstatic.com/mapfiles/place_api/icons/v1/png_71/restaurant-71.png',
      name: 'Viceroy Indian Dining',
      opening_hours: [Object],
      photos: [Array],
      place_id: 'ChIJ07S-OF8J9YgRW2h6uxxjs3I',
      plus_code: [Object],
      price_level: 2,
      rating: 4.1,
      reference: 'ChIJ07S-OF8J9YgRW2h6uxxjs3I',
      types: [Array],
      user_ratings_total: 573,
      dataSource: undefined,
      creationDate: 2020-11-05T21:14:48.716Z
    },
    {
      business_status: 'OPERATIONAL',
      formatted_address: '4639 N Shallowford Rd, Dunwoody, GA 30338, United States',
      geometry: [Object],
      icon: 'https://maps.gstatic.com/mapfiles/place_api/icons/v1/png_71/restaurant-71.png',
      name: 'Bay Leaf',
      opening_hours: [Object],
      photos: [Array],
      place_id: 'ChIJCUkh5YEJ9YgRspgDHmYdDYU',
      plus_code: [Object],
      price_level: 1,
      rating: 3.9,
      reference: 'ChIJCUkh5YEJ9YgRspgDHmYdDYU',
      types: [Array],
      user_ratings_total: 266,
      dataSource: undefined,
      creationDate: 2020-11-05T21:14:48.720Z
    },
    {
      business_status: 'OPERATIONAL',
      formatted_address: '130 Perimeter Center Pl, Dunwoody, GA 30346, United States',
      geometry: [Object],
      icon: 'https://maps.gstatic.com/mapfiles/place_api/icons/v1/png_71/restaurant-71.png',
      name: 'Hyderabad House Atlanta - Biryani Place',
      opening_hours: [Object],
      photos: [Array],
      place_id: 'ChIJW_i_EeIJ9YgRwTdDLGwUHlk',
      plus_code: [Object],
      price_level: 2,
      rating: 4.2,
      reference: 'ChIJW_i_EeIJ9YgRwTdDLGwUHlk',
      types: [Array],
      user_ratings_total: 511,
      dataSource: undefined,
      creationDate: 2020-11-05T21:14:48.735Z
    },
    {
      business_status: 'OPERATIONAL',
      formatted_address: '2144 Johnson Ferry Rd NE, Atlanta, GA 30319, United States',
      geometry: [Object],
      icon: 'https://maps.gstatic.com/mapfiles/place_api/icons/v1/png_71/restaurant-71.png',
      name: 'Moon Indian Cuisine',
      opening_hours: [Object],
      photos: [Array],
      place_id: 'ChIJqXttUhwJ9YgR7oEMLKkuiik',
      plus_code: [Object],
      price_level: 2,
      rating: 4.1,
      reference: 'ChIJqXttUhwJ9YgR7oEMLKkuiik',
      types: [Array],
      user_ratings_total: 286,
      dataSource: undefined,
      creationDate: 2020-11-05T21:14:48.747Z
    },
    {
      business_status: 'OPERATIONAL',
      formatted_address: '6631-B Roswell Rd NE, Sandy Springs, GA 30328, United States',
      geometry: [Object],
      icon: 'https://maps.gstatic.com/mapfiles/place_api/icons/v1/png_71/restaurant-71.png',
      name: 'Bawarchi Biryanis Atlanta',
      opening_hours: [Object],
      photos: [Array],
      place_id: 'ChIJXbLX3p8O9YgRBS4cwwDK_yg',
      plus_code: [Object],
      price_level: 2,
      rating: 3.9,
      reference: 'ChIJXbLX3p8O9YgRBS4cwwDK_yg',
      types: [Array],
      user_ratings_total: 1608,
      dataSource: undefined,
      creationDate: 2020-11-05T21:14:48.752Z
    }
  ],
  status: 'OK'
}
[2020-11-05T16:15:43.280] [INFO] default - {
  html_attributions: [],
  results: [
    {
      business_status: 'OPERATIONAL',
      formatted_address: '5537 Chamblee Dunwoody Rd, Dunwoody, GA 30338, United States',
      geometry: [Object],
      icon: 'https://maps.gstatic.com/mapfiles/place_api/icons/v1/png_71/restaurant-71.png',
      name: 'Royal Spice Indian Restaurant',
      opening_hours: [Object],
      photos: [Array],
      place_id: 'ChIJiX0KBfgL9YgRQEIpv4qP6Ek',
      plus_code: [Object],
      rating: 4.7,
      reference: 'ChIJiX0KBfgL9YgRQEIpv4qP6Ek',
      types: [Array],
      user_ratings_total: 72,
      dataSource: undefined,
      creationDate: 2020-11-05T21:15:43.235Z
    },
    {
      business_status: 'OPERATIONAL',
      formatted_address: '4719 Ashford Dunwoody Rd #104, Dunwoody, GA 30338, United States',
      geometry: [Object],
      icon: 'https://maps.gstatic.com/mapfiles/place_api/icons/v1/png_71/restaurant-71.png',
      name: 'Viceroy Indian Dining',
      opening_hours: [Object],
      photos: [Array],
      place_id: 'ChIJ07S-OF8J9YgRW2h6uxxjs3I',
      plus_code: [Object],
      price_level: 2,
      rating: 4.1,
      reference: 'ChIJ07S-OF8J9YgRW2h6uxxjs3I',
      types: [Array],
      user_ratings_total: 573,
      dataSource: undefined,
      creationDate: 2020-11-05T21:15:43.245Z
    },
    {
      business_status: 'OPERATIONAL',
      formatted_address: '4639 N Shallowford Rd, Dunwoody, GA 30338, United States',
      geometry: [Object],
      icon: 'https://maps.gstatic.com/mapfiles/place_api/icons/v1/png_71/restaurant-71.png',
      name: 'Bay Leaf',
      opening_hours: [Object],
      photos: [Array],
      place_id: 'ChIJCUkh5YEJ9YgRspgDHmYdDYU',
      plus_code: [Object],
      price_level: 1,
      rating: 3.9,
      reference: 'ChIJCUkh5YEJ9YgRspgDHmYdDYU',
      types: [Array],
      user_ratings_total: 266,
      dataSource: undefined,
      creationDate: 2020-11-05T21:15:43.256Z
    },
    {
      business_status: 'OPERATIONAL',
      formatted_address: '130 Perimeter Center Pl, Dunwoody, GA 30346, United States',
      geometry: [Object],
      icon: 'https://maps.gstatic.com/mapfiles/place_api/icons/v1/png_71/restaurant-71.png',
      name: 'Hyderabad House Atlanta - Biryani Place',
      opening_hours: [Object],
      photos: [Array],
      place_id: 'ChIJW_i_EeIJ9YgRwTdDLGwUHlk',
      plus_code: [Object],
      price_level: 2,
      rating: 4.2,
      reference: 'ChIJW_i_EeIJ9YgRwTdDLGwUHlk',
      types: [Array],
      user_ratings_total: 511,
      dataSource: undefined,
      creationDate: 2020-11-05T21:15:43.262Z
    },
    {
      business_status: 'OPERATIONAL',
      formatted_address: '2144 Johnson Ferry Rd NE, Atlanta, GA 30319, United States',
      geometry: [Object],
      icon: 'https://maps.gstatic.com/mapfiles/place_api/icons/v1/png_71/restaurant-71.png',
      name: 'Moon Indian Cuisine',
      opening_hours: [Object],
      photos: [Array],
      place_id: 'ChIJqXttUhwJ9YgR7oEMLKkuiik',
      plus_code: [Object],
      price_level: 2,
      rating: 4.1,
      reference: 'ChIJqXttUhwJ9YgR7oEMLKkuiik',
      types: [Array],
      user_ratings_total: 286,
      dataSource: undefined,
      creationDate: 2020-11-05T21:15:43.272Z
    },
    {
      business_status: 'OPERATIONAL',
      formatted_address: '6631-B Roswell Rd NE, Sandy Springs, GA 30328, United States',
      geometry: [Object],
      icon: 'https://maps.gstatic.com/mapfiles/place_api/icons/v1/png_71/restaurant-71.png',
      name: 'Bawarchi Biryanis Atlanta',
      opening_hours: [Object],
      photos: [Array],
      place_id: 'ChIJXbLX3p8O9YgRBS4cwwDK_yg',
      plus_code: [Object],
      price_level: 2,
      rating: 3.9,
      reference: 'ChIJXbLX3p8O9YgRBS4cwwDK_yg',
      types: [Array],
      user_ratings_total: 1608,
      dataSource: undefined,
      creationDate: 2020-11-05T21:15:43.277Z
    }
  ],
  status: 'OK'
}
[2020-11-05T16:17:25.661] [INFO] default - {
  html_attributions: [],
  results: [
    {
      business_status: 'OPERATIONAL',
      formatted_address: '5537 Chamblee Dunwoody Rd, Dunwoody, GA 30338, United States',
      geometry: [Object],
      icon: 'https://maps.gstatic.com/mapfiles/place_api/icons/v1/png_71/restaurant-71.png',
      name: 'Royal Spice Indian Restaurant',
      opening_hours: [Object],
      photos: [Array],
      place_id: 'ChIJiX0KBfgL9YgRQEIpv4qP6Ek',
      plus_code: [Object],
      rating: 4.7,
      reference: 'ChIJiX0KBfgL9YgRQEIpv4qP6Ek',
      types: [Array],
      user_ratings_total: 72,
      dataSource: 'googleplace',
      creationDate: 2020-11-05T21:17:25.580Z
    },
    {
      business_status: 'OPERATIONAL',
      formatted_address: '4719 Ashford Dunwoody Rd #104, Dunwoody, GA 30338, United States',
      geometry: [Object],
      icon: 'https://maps.gstatic.com/mapfiles/place_api/icons/v1/png_71/restaurant-71.png',
      name: 'Viceroy Indian Dining',
      opening_hours: [Object],
      photos: [Array],
      place_id: 'ChIJ07S-OF8J9YgRW2h6uxxjs3I',
      plus_code: [Object],
      price_level: 2,
      rating: 4.1,
      reference: 'ChIJ07S-OF8J9YgRW2h6uxxjs3I',
      types: [Array],
      user_ratings_total: 573,
      dataSource: 'googleplace',
      creationDate: 2020-11-05T21:17:25.600Z
    },
    {
      business_status: 'OPERATIONAL',
      formatted_address: '4639 N Shallowford Rd, Dunwoody, GA 30338, United States',
      geometry: [Object],
      icon: 'https://maps.gstatic.com/mapfiles/place_api/icons/v1/png_71/restaurant-71.png',
      name: 'Bay Leaf',
      opening_hours: [Object],
      photos: [Array],
      place_id: 'ChIJCUkh5YEJ9YgRspgDHmYdDYU',
      plus_code: [Object],
      price_level: 1,
      rating: 3.9,
      reference: 'ChIJCUkh5YEJ9YgRspgDHmYdDYU',
      types: [Array],
      user_ratings_total: 266,
      dataSource: 'googleplace',
      creationDate: 2020-11-05T21:17:25.615Z
    },
    {
      business_status: 'OPERATIONAL',
      formatted_address: '130 Perimeter Center Pl, Dunwoody, GA 30346, United States',
      geometry: [Object],
      icon: 'https://maps.gstatic.com/mapfiles/place_api/icons/v1/png_71/restaurant-71.png',
      name: 'Hyderabad House Atlanta - Biryani Place',
      opening_hours: [Object],
      photos: [Array],
      place_id: 'ChIJW_i_EeIJ9YgRwTdDLGwUHlk',
      plus_code: [Object],
      price_level: 2,
      rating: 4.2,
      reference: 'ChIJW_i_EeIJ9YgRwTdDLGwUHlk',
      types: [Array],
      user_ratings_total: 511,
      dataSource: 'googleplace',
      creationDate: 2020-11-05T21:17:25.629Z
    },
    {
      business_status: 'OPERATIONAL',
      formatted_address: '2144 Johnson Ferry Rd NE, Atlanta, GA 30319, United States',
      geometry: [Object],
      icon: 'https://maps.gstatic.com/mapfiles/place_api/icons/v1/png_71/restaurant-71.png',
      name: 'Moon Indian Cuisine',
      opening_hours: [Object],
      photos: [Array],
      place_id: 'ChIJqXttUhwJ9YgR7oEMLKkuiik',
      plus_code: [Object],
      price_level: 2,
      rating: 4.1,
      reference: 'ChIJqXttUhwJ9YgR7oEMLKkuiik',
      types: [Array],
      user_ratings_total: 286,
      dataSource: 'googleplace',
      creationDate: 2020-11-05T21:17:25.634Z
    },
    {
      business_status: 'OPERATIONAL',
      formatted_address: '6631-B Roswell Rd NE, Sandy Springs, GA 30328, United States',
      geometry: [Object],
      icon: 'https://maps.gstatic.com/mapfiles/place_api/icons/v1/png_71/restaurant-71.png',
      name: 'Bawarchi Biryanis Atlanta',
      opening_hours: [Object],
      photos: [Array],
      place_id: 'ChIJXbLX3p8O9YgRBS4cwwDK_yg',
      plus_code: [Object],
      price_level: 2,
      rating: 3.9,
      reference: 'ChIJXbLX3p8O9YgRBS4cwwDK_yg',
      types: [Array],
      user_ratings_total: 1608,
      dataSource: 'googleplace',
      creationDate: 2020-11-05T21:17:25.648Z
    }
  ],
  status: 'OK'
}
[2020-11-05T16:20:16.593] [INFO] default - {
  html_attributions: [],
  results: [
    {
      business_status: 'OPERATIONAL',
      formatted_address: '5537 Chamblee Dunwoody Rd, Dunwoody, GA 30338, United States',
      geometry: [Object],
      icon: 'https://maps.gstatic.com/mapfiles/place_api/icons/v1/png_71/restaurant-71.png',
      name: 'Royal Spice Indian Restaurant',
      opening_hours: [Object],
      photos: [Array],
      place_id: 'ChIJiX0KBfgL9YgRQEIpv4qP6Ek',
      plus_code: [Object],
      rating: 4.7,
      reference: 'ChIJiX0KBfgL9YgRQEIpv4qP6Ek',
      types: [Array],
      user_ratings_total: 72,
      dataSource: 'googleplace',
      creationDate: 2020-11-05T21:20:16.519Z
    },
    {
      business_status: 'OPERATIONAL',
      formatted_address: '4719 Ashford Dunwoody Rd #104, Dunwoody, GA 30338, United States',
      geometry: [Object],
      icon: 'https://maps.gstatic.com/mapfiles/place_api/icons/v1/png_71/restaurant-71.png',
      name: 'Viceroy Indian Dining',
      opening_hours: [Object],
      photos: [Array],
      place_id: 'ChIJ07S-OF8J9YgRW2h6uxxjs3I',
      plus_code: [Object],
      price_level: 2,
      rating: 4.1,
      reference: 'ChIJ07S-OF8J9YgRW2h6uxxjs3I',
      types: [Array],
      user_ratings_total: 573,
      dataSource: 'googleplace',
      creationDate: 2020-11-05T21:20:16.538Z
    },
    {
      business_status: 'OPERATIONAL',
      formatted_address: '4639 N Shallowford Rd, Dunwoody, GA 30338, United States',
      geometry: [Object],
      icon: 'https://maps.gstatic.com/mapfiles/place_api/icons/v1/png_71/restaurant-71.png',
      name: 'Bay Leaf',
      opening_hours: [Object],
      photos: [Array],
      place_id: 'ChIJCUkh5YEJ9YgRspgDHmYdDYU',
      plus_code: [Object],
      price_level: 1,
      rating: 3.9,
      reference: 'ChIJCUkh5YEJ9YgRspgDHmYdDYU',
      types: [Array],
      user_ratings_total: 266,
      dataSource: 'googleplace',
      creationDate: 2020-11-05T21:20:16.543Z
    },
    {
      business_status: 'OPERATIONAL',
      formatted_address: '130 Perimeter Center Pl, Dunwoody, GA 30346, United States',
      geometry: [Object],
      icon: 'https://maps.gstatic.com/mapfiles/place_api/icons/v1/png_71/restaurant-71.png',
      name: 'Hyderabad House Atlanta - Biryani Place',
      opening_hours: [Object],
      photos: [Array],
      place_id: 'ChIJW_i_EeIJ9YgRwTdDLGwUHlk',
      plus_code: [Object],
      price_level: 2,
      rating: 4.2,
      reference: 'ChIJW_i_EeIJ9YgRwTdDLGwUHlk',
      types: [Array],
      user_ratings_total: 511,
      dataSource: 'googleplace',
      creationDate: 2020-11-05T21:20:16.557Z
    },
    {
      business_status: 'OPERATIONAL',
      formatted_address: '2144 Johnson Ferry Rd NE, Atlanta, GA 30319, United States',
      geometry: [Object],
      icon: 'https://maps.gstatic.com/mapfiles/place_api/icons/v1/png_71/restaurant-71.png',
      name: 'Moon Indian Cuisine',
      opening_hours: [Object],
      photos: [Array],
      place_id: 'ChIJqXttUhwJ9YgR7oEMLKkuiik',
      plus_code: [Object],
      price_level: 2,
      rating: 4.1,
      reference: 'ChIJqXttUhwJ9YgR7oEMLKkuiik',
      types: [Array],
      user_ratings_total: 286,
      dataSource: 'googleplace',
      creationDate: 2020-11-05T21:20:16.571Z
    },
    {
      business_status: 'OPERATIONAL',
      formatted_address: '6631-B Roswell Rd NE, Sandy Springs, GA 30328, United States',
      geometry: [Object],
      icon: 'https://maps.gstatic.com/mapfiles/place_api/icons/v1/png_71/restaurant-71.png',
      name: 'Bawarchi Biryanis Atlanta',
      opening_hours: [Object],
      photos: [Array],
      place_id: 'ChIJXbLX3p8O9YgRBS4cwwDK_yg',
      plus_code: [Object],
      price_level: 2,
      rating: 3.9,
      reference: 'ChIJXbLX3p8O9YgRBS4cwwDK_yg',
      types: [Array],
      user_ratings_total: 1608,
      dataSource: 'googleplace',
      creationDate: 2020-11-05T21:20:16.577Z
    }
  ],
  status: 'OK'
}
[2020-11-05T16:27:33.250] [INFO] default - {
  html_attributions: [],
  results: [
    {
      business_status: 'OPERATIONAL',
      formatted_address: '5537 Chamblee Dunwoody Rd, Dunwoody, GA 30338, United States',
      geometry: [Object],
      icon: 'https://maps.gstatic.com/mapfiles/place_api/icons/v1/png_71/restaurant-71.png',
      name: 'Royal Spice Indian Restaurant',
      opening_hours: [Object],
      photos: [Array],
      place_id: 'ChIJiX0KBfgL9YgRQEIpv4qP6Ek',
      plus_code: [Object],
      rating: 4.7,
      reference: 'ChIJiX0KBfgL9YgRQEIpv4qP6Ek',
      types: [Array],
      user_ratings_total: 72,
      dataSource: 'googleplace',
      creationDate: 2020-11-05T21:27:33.227Z
    },
    {
      business_status: 'OPERATIONAL',
      formatted_address: '4719 Ashford Dunwoody Rd #104, Dunwoody, GA 30338, United States',
      geometry: [Object],
      icon: 'https://maps.gstatic.com/mapfiles/place_api/icons/v1/png_71/restaurant-71.png',
      name: 'Viceroy Indian Dining',
      opening_hours: [Object],
      photos: [Array],
      place_id: 'ChIJ07S-OF8J9YgRW2h6uxxjs3I',
      plus_code: [Object],
      price_level: 2,
      rating: 4.1,
      reference: 'ChIJ07S-OF8J9YgRW2h6uxxjs3I',
      types: [Array],
      user_ratings_total: 573,
      dataSource: 'googleplace',
      creationDate: 2020-11-05T21:27:33.244Z
    },
    {
      business_status: 'OPERATIONAL',
      formatted_address: '4639 N Shallowford Rd, Dunwoody, GA 30338, United States',
      geometry: [Object],
      icon: 'https://maps.gstatic.com/mapfiles/place_api/icons/v1/png_71/restaurant-71.png',
      name: 'Bay Leaf',
      opening_hours: [Object],
      photos: [Array],
      place_id: 'ChIJCUkh5YEJ9YgRspgDHmYdDYU',
      plus_code: [Object],
      price_level: 1,
      rating: 3.9,
      reference: 'ChIJCUkh5YEJ9YgRspgDHmYdDYU',
      types: [Array],
      user_ratings_total: 266,
      dataSource: 'googleplace',
      creationDate: 2020-11-05T21:27:33.245Z
    },
    {
      business_status: 'OPERATIONAL',
      formatted_address: '130 Perimeter Center Pl, Dunwoody, GA 30346, United States',
      geometry: [Object],
      icon: 'https://maps.gstatic.com/mapfiles/place_api/icons/v1/png_71/restaurant-71.png',
      name: 'Hyderabad House Atlanta - Biryani Place',
      opening_hours: [Object],
      photos: [Array],
      place_id: 'ChIJW_i_EeIJ9YgRwTdDLGwUHlk',
      plus_code: [Object],
      price_level: 2,
      rating: 4.2,
      reference: 'ChIJW_i_EeIJ9YgRwTdDLGwUHlk',
      types: [Array],
      user_ratings_total: 511,
      dataSource: 'googleplace',
      creationDate: 2020-11-05T21:27:33.246Z
    },
    {
      business_status: 'OPERATIONAL',
      formatted_address: '2144 Johnson Ferry Rd NE, Atlanta, GA 30319, United States',
      geometry: [Object],
      icon: 'https://maps.gstatic.com/mapfiles/place_api/icons/v1/png_71/restaurant-71.png',
      name: 'Moon Indian Cuisine',
      opening_hours: [Object],
      photos: [Array],
      place_id: 'ChIJqXttUhwJ9YgR7oEMLKkuiik',
      plus_code: [Object],
      price_level: 2,
      rating: 4.1,
      reference: 'ChIJqXttUhwJ9YgR7oEMLKkuiik',
      types: [Array],
      user_ratings_total: 286,
      dataSource: 'googleplace',
      creationDate: 2020-11-05T21:27:33.247Z
    },
    {
      business_status: 'OPERATIONAL',
      formatted_address: '6631-B Roswell Rd NE, Sandy Springs, GA 30328, United States',
      geometry: [Object],
      icon: 'https://maps.gstatic.com/mapfiles/place_api/icons/v1/png_71/restaurant-71.png',
      name: 'Bawarchi Biryanis Atlanta',
      opening_hours: [Object],
      photos: [Array],
      place_id: 'ChIJXbLX3p8O9YgRBS4cwwDK_yg',
      plus_code: [Object],
      price_level: 2,
      rating: 3.9,
      reference: 'ChIJXbLX3p8O9YgRBS4cwwDK_yg',
      types: [Array],
      user_ratings_total: 1608,
      dataSource: 'googleplace',
      creationDate: 2020-11-05T21:27:33.249Z
    }
  ],
  status: 'OK'
}
[2020-11-05T16:29:25.090] [INFO] default - {
  html_attributions: [],
  results: [
    {
      business_status: 'OPERATIONAL',
      formatted_address: '5537 Chamblee Dunwoody Rd, Dunwoody, GA 30338, United States',
      geometry: [Object],
      icon: 'https://maps.gstatic.com/mapfiles/place_api/icons/v1/png_71/restaurant-71.png',
      name: 'Royal Spice Indian Restaurant',
      opening_hours: [Object],
      photos: [Array],
      place_id: 'ChIJiX0KBfgL9YgRQEIpv4qP6Ek',
      plus_code: [Object],
      rating: 4.7,
      reference: 'ChIJiX0KBfgL9YgRQEIpv4qP6Ek',
      types: [Array],
      user_ratings_total: 72,
      dataSource: 'googleplace',
      creationDate: 2020-11-05T21:29:25.080Z
    },
    {
      business_status: 'OPERATIONAL',
      formatted_address: '4719 Ashford Dunwoody Rd #104, Dunwoody, GA 30338, United States',
      geometry: [Object],
      icon: 'https://maps.gstatic.com/mapfiles/place_api/icons/v1/png_71/restaurant-71.png',
      name: 'Viceroy Indian Dining',
      opening_hours: [Object],
      photos: [Array],
      place_id: 'ChIJ07S-OF8J9YgRW2h6uxxjs3I',
      plus_code: [Object],
      price_level: 2,
      rating: 4.1,
      reference: 'ChIJ07S-OF8J9YgRW2h6uxxjs3I',
      types: [Array],
      user_ratings_total: 573,
      dataSource: 'googleplace',
      creationDate: 2020-11-05T21:29:25.086Z
    },
    {
      business_status: 'OPERATIONAL',
      formatted_address: '4639 N Shallowford Rd, Dunwoody, GA 30338, United States',
      geometry: [Object],
      icon: 'https://maps.gstatic.com/mapfiles/place_api/icons/v1/png_71/restaurant-71.png',
      name: 'Bay Leaf',
      opening_hours: [Object],
      photos: [Array],
      place_id: 'ChIJCUkh5YEJ9YgRspgDHmYdDYU',
      plus_code: [Object],
      price_level: 1,
      rating: 3.9,
      reference: 'ChIJCUkh5YEJ9YgRspgDHmYdDYU',
      types: [Array],
      user_ratings_total: 266,
      dataSource: 'googleplace',
      creationDate: 2020-11-05T21:29:25.087Z
    },
    {
      business_status: 'OPERATIONAL',
      formatted_address: '130 Perimeter Center Pl, Dunwoody, GA 30346, United States',
      geometry: [Object],
      icon: 'https://maps.gstatic.com/mapfiles/place_api/icons/v1/png_71/restaurant-71.png',
      name: 'Hyderabad House Atlanta - Biryani Place',
      opening_hours: [Object],
      photos: [Array],
      place_id: 'ChIJW_i_EeIJ9YgRwTdDLGwUHlk',
      plus_code: [Object],
      price_level: 2,
      rating: 4.2,
      reference: 'ChIJW_i_EeIJ9YgRwTdDLGwUHlk',
      types: [Array],
      user_ratings_total: 511,
      dataSource: 'googleplace',
      creationDate: 2020-11-05T21:29:25.087Z
    },
    {
      business_status: 'OPERATIONAL',
      formatted_address: '2144 Johnson Ferry Rd NE, Atlanta, GA 30319, United States',
      geometry: [Object],
      icon: 'https://maps.gstatic.com/mapfiles/place_api/icons/v1/png_71/restaurant-71.png',
      name: 'Moon Indian Cuisine',
      opening_hours: [Object],
      photos: [Array],
      place_id: 'ChIJqXttUhwJ9YgR7oEMLKkuiik',
      plus_code: [Object],
      price_level: 2,
      rating: 4.1,
      reference: 'ChIJqXttUhwJ9YgR7oEMLKkuiik',
      types: [Array],
      user_ratings_total: 286,
      dataSource: 'googleplace',
      creationDate: 2020-11-05T21:29:25.088Z
    },
    {
      business_status: 'OPERATIONAL',
      formatted_address: '6631-B Roswell Rd NE, Sandy Springs, GA 30328, United States',
      geometry: [Object],
      icon: 'https://maps.gstatic.com/mapfiles/place_api/icons/v1/png_71/restaurant-71.png',
      name: 'Bawarchi Biryanis Atlanta',
      opening_hours: [Object],
      photos: [Array],
      place_id: 'ChIJXbLX3p8O9YgRBS4cwwDK_yg',
      plus_code: [Object],
      price_level: 2,
      rating: 3.9,
      reference: 'ChIJXbLX3p8O9YgRBS4cwwDK_yg',
      types: [Array],
      user_ratings_total: 1608,
      dataSource: 'googleplace',
      creationDate: 2020-11-05T21:29:25.088Z
    }
  ],
  status: 'OK'
}
[2020-11-05T16:31:09.770] [INFO] default - {
  html_attributions: [],
  results: [
    {
      business_status: 'OPERATIONAL',
      formatted_address: '5537 Chamblee Dunwoody Rd, Dunwoody, GA 30338, United States',
      geometry: [Object],
      icon: 'https://maps.gstatic.com/mapfiles/place_api/icons/v1/png_71/restaurant-71.png',
      name: 'Royal Spice Indian Restaurant',
      opening_hours: [Object],
      photos: [Array],
      place_id: 'ChIJiX0KBfgL9YgRQEIpv4qP6Ek',
      plus_code: [Object],
      rating: 4.7,
      reference: 'ChIJiX0KBfgL9YgRQEIpv4qP6Ek',
      types: [Array],
      user_ratings_total: 72,
      dataSource: 'googleplace',
      creationDate: 2020-11-05T21:31:09.647Z
    },
    {
      business_status: 'OPERATIONAL',
      formatted_address: '4719 Ashford Dunwoody Rd #104, Dunwoody, GA 30338, United States',
      geometry: [Object],
      icon: 'https://maps.gstatic.com/mapfiles/place_api/icons/v1/png_71/restaurant-71.png',
      name: 'Viceroy Indian Dining',
      opening_hours: [Object],
      photos: [Array],
      place_id: 'ChIJ07S-OF8J9YgRW2h6uxxjs3I',
      plus_code: [Object],
      price_level: 2,
      rating: 4.1,
      reference: 'ChIJ07S-OF8J9YgRW2h6uxxjs3I',
      types: [Array],
      user_ratings_total: 573,
      dataSource: 'googleplace',
      creationDate: 2020-11-05T21:31:09.690Z
    },
    {
      business_status: 'OPERATIONAL',
      formatted_address: '4639 N Shallowford Rd, Dunwoody, GA 30338, United States',
      geometry: [Object],
      icon: 'https://maps.gstatic.com/mapfiles/place_api/icons/v1/png_71/restaurant-71.png',
      name: 'Bay Leaf',
      opening_hours: [Object],
      photos: [Array],
      place_id: 'ChIJCUkh5YEJ9YgRspgDHmYdDYU',
      plus_code: [Object],
      price_level: 1,
      rating: 3.9,
      reference: 'ChIJCUkh5YEJ9YgRspgDHmYdDYU',
      types: [Array],
      user_ratings_total: 266,
      dataSource: 'googleplace',
      creationDate: 2020-11-05T21:31:09.719Z
    },
    {
      business_status: 'OPERATIONAL',
      formatted_address: '130 Perimeter Center Pl, Dunwoody, GA 30346, United States',
      geometry: [Object],
      icon: 'https://maps.gstatic.com/mapfiles/place_api/icons/v1/png_71/restaurant-71.png',
      name: 'Hyderabad House Atlanta - Biryani Place',
      opening_hours: [Object],
      photos: [Array],
      place_id: 'ChIJW_i_EeIJ9YgRwTdDLGwUHlk',
      plus_code: [Object],
      price_level: 2,
      rating: 4.2,
      reference: 'ChIJW_i_EeIJ9YgRwTdDLGwUHlk',
      types: [Array],
      user_ratings_total: 511,
      dataSource: 'googleplace',
      creationDate: 2020-11-05T21:31:09.724Z
    },
    {
      business_status: 'OPERATIONAL',
      formatted_address: '2144 Johnson Ferry Rd NE, Atlanta, GA 30319, United States',
      geometry: [Object],
      icon: 'https://maps.gstatic.com/mapfiles/place_api/icons/v1/png_71/restaurant-71.png',
      name: 'Moon Indian Cuisine',
      opening_hours: [Object],
      photos: [Array],
      place_id: 'ChIJqXttUhwJ9YgR7oEMLKkuiik',
      plus_code: [Object],
      price_level: 2,
      rating: 4.1,
      reference: 'ChIJqXttUhwJ9YgR7oEMLKkuiik',
      types: [Array],
      user_ratings_total: 286,
      dataSource: 'googleplace',
      creationDate: 2020-11-05T21:31:09.740Z
    },
    {
      business_status: 'OPERATIONAL',
      formatted_address: '6631-B Roswell Rd NE, Sandy Springs, GA 30328, United States',
      geometry: [Object],
      icon: 'https://maps.gstatic.com/mapfiles/place_api/icons/v1/png_71/restaurant-71.png',
      name: 'Bawarchi Biryanis Atlanta',
      opening_hours: [Object],
      photos: [Array],
      place_id: 'ChIJXbLX3p8O9YgRBS4cwwDK_yg',
      plus_code: [Object],
      price_level: 2,
      rating: 3.9,
      reference: 'ChIJXbLX3p8O9YgRBS4cwwDK_yg',
      types: [Array],
      user_ratings_total: 1608,
      dataSource: 'googleplace',
      creationDate: 2020-11-05T21:31:09.754Z
    }
  ],
  status: 'OK'
}
[2020-11-05T16:32:06.064] [INFO] default - {
  html_attributions: [],
  results: [
    {
      business_status: 'OPERATIONAL',
      formatted_address: '5537 Chamblee Dunwoody Rd, Dunwoody, GA 30338, United States',
      geometry: [Object],
      icon: 'https://maps.gstatic.com/mapfiles/place_api/icons/v1/png_71/restaurant-71.png',
      name: 'Royal Spice Indian Restaurant',
      opening_hours: [Object],
      photos: [Array],
      place_id: 'ChIJiX0KBfgL9YgRQEIpv4qP6Ek',
      plus_code: [Object],
      rating: 4.7,
      reference: 'ChIJiX0KBfgL9YgRQEIpv4qP6Ek',
      types: [Array],
      user_ratings_total: 72,
      dataSource: 'googleplace',
      creationDate: 2020-11-05T21:32:06.054Z
    },
    {
      business_status: 'OPERATIONAL',
      formatted_address: '4719 Ashford Dunwoody Rd #104, Dunwoody, GA 30338, United States',
      geometry: [Object],
      icon: 'https://maps.gstatic.com/mapfiles/place_api/icons/v1/png_71/restaurant-71.png',
      name: 'Viceroy Indian Dining',
      opening_hours: [Object],
      photos: [Array],
      place_id: 'ChIJ07S-OF8J9YgRW2h6uxxjs3I',
      plus_code: [Object],
      price_level: 2,
      rating: 4.1,
      reference: 'ChIJ07S-OF8J9YgRW2h6uxxjs3I',
      types: [Array],
      user_ratings_total: 573,
      dataSource: 'googleplace',
      creationDate: 2020-11-05T21:32:06.060Z
    },
    {
      business_status: 'OPERATIONAL',
      formatted_address: '4639 N Shallowford Rd, Dunwoody, GA 30338, United States',
      geometry: [Object],
      icon: 'https://maps.gstatic.com/mapfiles/place_api/icons/v1/png_71/restaurant-71.png',
      name: 'Bay Leaf',
      opening_hours: [Object],
      photos: [Array],
      place_id: 'ChIJCUkh5YEJ9YgRspgDHmYdDYU',
      plus_code: [Object],
      price_level: 1,
      rating: 3.9,
      reference: 'ChIJCUkh5YEJ9YgRspgDHmYdDYU',
      types: [Array],
      user_ratings_total: 266,
      dataSource: 'googleplace',
      creationDate: 2020-11-05T21:32:06.061Z
    },
    {
      business_status: 'OPERATIONAL',
      formatted_address: '130 Perimeter Center Pl, Dunwoody, GA 30346, United States',
      geometry: [Object],
      icon: 'https://maps.gstatic.com/mapfiles/place_api/icons/v1/png_71/restaurant-71.png',
      name: 'Hyderabad House Atlanta - Biryani Place',
      opening_hours: [Object],
      photos: [Array],
      place_id: 'ChIJW_i_EeIJ9YgRwTdDLGwUHlk',
      plus_code: [Object],
      price_level: 2,
      rating: 4.2,
      reference: 'ChIJW_i_EeIJ9YgRwTdDLGwUHlk',
      types: [Array],
      user_ratings_total: 511,
      dataSource: 'googleplace',
      creationDate: 2020-11-05T21:32:06.062Z
    },
    {
      business_status: 'OPERATIONAL',
      formatted_address: '2144 Johnson Ferry Rd NE, Atlanta, GA 30319, United States',
      geometry: [Object],
      icon: 'https://maps.gstatic.com/mapfiles/place_api/icons/v1/png_71/restaurant-71.png',
      name: 'Moon Indian Cuisine',
      opening_hours: [Object],
      photos: [Array],
      place_id: 'ChIJqXttUhwJ9YgR7oEMLKkuiik',
      plus_code: [Object],
      price_level: 2,
      rating: 4.1,
      reference: 'ChIJqXttUhwJ9YgR7oEMLKkuiik',
      types: [Array],
      user_ratings_total: 286,
      dataSource: 'googleplace',
      creationDate: 2020-11-05T21:32:06.062Z
    },
    {
      business_status: 'OPERATIONAL',
      formatted_address: '6631-B Roswell Rd NE, Sandy Springs, GA 30328, United States',
      geometry: [Object],
      icon: 'https://maps.gstatic.com/mapfiles/place_api/icons/v1/png_71/restaurant-71.png',
      name: 'Bawarchi Biryanis Atlanta',
      opening_hours: [Object],
      photos: [Array],
      place_id: 'ChIJXbLX3p8O9YgRBS4cwwDK_yg',
      plus_code: [Object],
      price_level: 2,
      rating: 3.9,
      reference: 'ChIJXbLX3p8O9YgRBS4cwwDK_yg',
      types: [Array],
      user_ratings_total: 1608,
      dataSource: 'googleplace',
      creationDate: 2020-11-05T21:32:06.063Z
    }
  ],
  status: 'OK'
}
[2020-11-05T16:32:47.664] [INFO] default - [
  {
    id: '5a4fba67e679bc3e9c137dba',
    name: 'Burger King',
    location: {
      address: '3635 Browns Bridge Rd',
      lat: 34.26682555852039,
      lng: -84.09118366370683,
      labeledLatLngs: [Array],
      postalCode: '30028',
      cc: 'US',
      city: 'Cumming',
      state: 'GA',
      country: 'United States',
      formattedAddress: [Array]
    },
    categories: [ [Object] ],
    referralId: 'v-1604611966',
    hasPerk: false,
    dataSource: 'foursquare',
    creationDate: 2020-11-05T21:32:47.650Z
  },
  {
    id: '5cd08c8123a2e6002c4f8b53',
    name: "Culver's",
    location: {
      address: '5512 Bethelview Rd',
      lat: 34.172131,
      lng: -84.186862,
      labeledLatLngs: [Array],
      postalCode: '30040',
      cc: 'US',
      city: 'Cumming',
      state: 'GA',
      country: 'United States',
      formattedAddress: [Array]
    },
    categories: [ [Object] ],
    referralId: 'v-1604611966',
    hasPerk: false,
    dataSource: 'foursquare',
    creationDate: 2020-11-05T21:32:47.650Z
  },
  {
    id: '4b6813fcf964a52050662be3',
    name: 'Starbucks',
    location: {
      address: '2320 Atlanta Hwy',
      lat: 34.16102107,
      lng: -84.17481007,
      labeledLatLngs: [Array],
      postalCode: '30040',
      cc: 'US',
      city: 'Cumming',
      state: 'GA',
      country: 'United States',
      formattedAddress: [Array]
    },
    categories: [ [Object] ],
    referralId: 'v-1604611966',
    hasPerk: false,
    dataSource: 'foursquare',
    creationDate: 2020-11-05T21:32:47.651Z
  },
  {
    id: '4b87064cf964a52010ac31e3',
    name: "McDonald's",
    location: {
      address: '660 Atlanta Rd',
      lat: 34.18699136169715,
      lng: -84.14237603545189,
      labeledLatLngs: [Array],
      postalCode: '30040',
      cc: 'US',
      city: 'Cumming',
      state: 'GA',
      country: 'United States',
      formattedAddress: [Array]
    },
    categories: [ [Object] ],
    referralId: 'v-1604611966',
    hasPerk: false,
    dataSource: 'foursquare',
    creationDate: 2020-11-05T21:32:47.651Z
  },
  {
    id: '4db31d780437fa536a0cab58',
    name: 'Cracker Barrel Old Country Store',
    location: {
      address: '675 Buford Hwy. SR 400 & SR 20W',
      lat: 34.18573425750955,
      lng: -84.1395882455825,
      labeledLatLngs: [Array],
      postalCode: '30040',
      cc: 'US',
      city: 'Cumming',
      state: 'GA',
      country: 'United States',
      formattedAddress: [Array]
    },
    categories: [ [Object] ],
    referralId: 'v-1604611966',
    hasPerk: false,
    dataSource: 'foursquare',
    creationDate: 2020-11-05T21:32:47.652Z
  },
  {
    id: '5bbf75b41c0b340039f7d3c4',
    name: 'Wild Wing Cafe',
    location: {
      address: '410 Peachtree Parkway, Suite 242',
      lat: 34.15333462641943,
      lng: -84.17710011529634,
      labeledLatLngs: [Array],
      postalCode: '30041',
      cc: 'US',
      city: 'Cumming',
      state: 'GA',
      country: 'United States',
      formattedAddress: [Array]
    },
    categories: [ [Object] ],
    delivery: {
      id: '1208306',
      url: 'https://www.grubhub.com/restaurant/wild-wings-cafe-410-peachtree-pkwy-ste-242-cumming/1208306?affiliate=1131&utm_source=foursquare-affiliate-network&utm_medium=affiliate&utm_campaign=1131&utm_content=1208306',
      provider: [Object]
    },
    referralId: 'v-1604611966',
    hasPerk: false,
    dataSource: 'foursquare',
    creationDate: 2020-11-05T21:32:47.652Z
  },
  {
    id: '4a88936df964a520fb0620e3',
    name: 'Red Robin Gourmet Burgers and Brews',
    location: {
      address: '370 Peachtree Pkwy',
      lat: 34.15411201,
      lng: -84.17500138,
      labeledLatLngs: [Array],
      postalCode: '30041',
      cc: 'US',
      city: 'Cumming',
      state: 'GA',
      country: 'United States',
      formattedAddress: [Array]
    },
    categories: [ [Object] ],
    delivery: {
      id: '456138',
      url: 'https://www.grubhub.com/restaurant/red-robin-370-peachtree-pkwy-cumming/456138?affiliate=1131&utm_source=foursquare-affiliate-network&utm_medium=affiliate&utm_campaign=1131&utm_content=456138',
      provider: [Object]
    },
    referralId: 'v-1604611966',
    hasPerk: false,
    dataSource: 'foursquare',
    creationDate: 2020-11-05T21:32:47.652Z
  },
  {
    id: '4b7b14f7f964a5205b502fe3',
    name: 'Publix',
    location: {
      address: '3480 Keith Bridge Rd',
      lat: 34.25809173427533,
      lng: -84.07167299044885,
      labeledLatLngs: [Array],
      postalCode: '30041',
      cc: 'US',
      city: 'Cumming',
      state: 'GA',
      country: 'United States',
      formattedAddress: [Array]
    },
    categories: [ [Object] ],
    referralId: 'v-1604611966',
    hasPerk: false,
    dataSource: 'foursquare',
    creationDate: 2020-11-05T21:32:47.654Z
  },
  {
    id: '5469048c498e762c1dbf3ffd',
    name: 'Texas Roadhouse',
    location: {
      address: '510 Lakeland Plaza',
      crossStreet: 'Buford Hwy',
      lat: 34.184461,
      lng: -84.140852,
      labeledLatLngs: [Array],
      postalCode: '30040',
      cc: 'US',
      city: 'Cumming',
      state: 'GA',
      country: 'United States',
      formattedAddress: [Array]
    },
    categories: [ [Object] ],
    referralId: 'v-1604611966',
    hasPerk: false,
    dataSource: 'foursquare',
    creationDate: 2020-11-05T21:32:47.654Z
  },
  {
    id: '4b9d3bb9f964a520cf9b36e3',
    name: "Jim 'N Nick's Bar-B-Q",
    location: {
      address: '3101 Ronald Reagan Blvd',
      crossStreet: 'Avenue Forsyth',
      lat: 34.1516434739991,
      lng: -84.17696023594438,
      labeledLatLngs: [Array],
      postalCode: '30041',
      cc: 'US',
      city: 'Cumming',
      state: 'GA',
      country: 'United States',
      formattedAddress: [Array]
    },
    categories: [ [Object] ],
    referralId: 'v-1604611966',
    hasPerk: false,
    dataSource: 'foursquare',
    creationDate: 2020-11-05T21:32:47.654Z
  },
  {
    id: '4b896fc2f964a520193632e3',
    name: 'Publix',
    location: {
      address: '5475 Bethelview Rd',
      crossStreet: 'at Castleberry Rd',
      lat: 34.1741884244111,
      lng: -84.18691005589004,
      labeledLatLngs: [Array],
      postalCode: '30040',
      cc: 'US',
      city: 'Cumming',
      state: 'GA',
      country: 'United States',
      formattedAddress: [Array]
    },
    categories: [ [Object] ],
    referralId: 'v-1604611966',
    hasPerk: false,
    dataSource: 'foursquare',
    creationDate: 2020-11-05T21:32:47.655Z
  },
  {
    id: '4b6ae7b7f964a5202be62be3',
    name: 'Publix',
    location: {
      address: '580 Atlanta Rd',
      crossStreet: 'Buford Hwy',
      lat: 34.18693922797616,
      lng: -84.13908023249775,
      labeledLatLngs: [Array],
      postalCode: '30040',
      cc: 'US',
      city: 'Cumming',
      state: 'GA',
      country: 'United States',
      formattedAddress: [Array]
    },
    categories: [ [Object] ],
    referralId: 'v-1604611966',
    hasPerk: false,
    dataSource: 'foursquare',
    creationDate: 2020-11-05T21:32:47.655Z
  },
  {
    id: '4a9f069af964a520453c20e3',
    name: 'Taco Mac',
    location: {
      address: '2275 Marketplace Blvd',
      lat: 34.19417646200642,
      lng: -84.12780091166496,
      labeledLatLngs: [Array],
      postalCode: '30041',
      cc: 'US',
      city: 'Cumming',
      state: 'GA',
      country: 'United States',
      formattedAddress: [Array]
    },
    categories: [ [Object] ],
    referralId: 'v-1604611966',
    hasPerk: false,
    dataSource: 'foursquare',
    creationDate: 2020-11-05T21:32:47.656Z
  },
  {
    id: '5372cccc498e8c2e943568dc',
    name: 'RaceTrac',
    location: {
      address: '510 Peachtree Parkway',
      lat: 34.1506868,
      lng: -84.1742996,
      labeledLatLngs: [Array],
      postalCode: '30041',
      cc: 'US',
      city: 'Cumming',
      state: 'GA',
      country: 'United States',
      formattedAddress: [Array]
    },
    categories: [ [Object] ],
    referralId: 'v-1604611966',
    hasPerk: false,
    dataSource: 'foursquare',
    creationDate: 2020-11-05T21:32:47.656Z
  },
  {
    id: '4b887160f964a52032f831e3',
    name: 'Publix',
    location: {
      address: '1735 Buford Hwy',
      lat: 34.163681659274154,
      lng: -84.11486926433474,
      labeledLatLngs: [Array],
      postalCode: '30041',
      cc: 'US',
      city: 'Cumming',
      state: 'GA',
      country: 'United States',
      formattedAddress: [Array]
    },
    categories: [ [Object] ],
    referralId: 'v-1604611966',
    hasPerk: false,
    dataSource: 'foursquare',
    creationDate: 2020-11-05T21:32:47.656Z
  },
  {
    id: '4b23aad2f964a520c85724e3',
    name: 'Publix',
    location: {
      address: '4900 Atlanta Hwy',
      crossStreet: 'Post Rd',
      lat: 34.15922887377643,
      lng: -84.2393512743233,
      labeledLatLngs: [Array],
      postalCode: '30004',
      cc: 'US',
      city: 'Alpharetta',
      state: 'GA',
      country: 'United States',
      formattedAddress: [Array]
    },
    categories: [ [Object] ],
    referralId: 'v-1604611966',
    hasPerk: false,
    dataSource: 'foursquare',
    creationDate: 2020-11-05T21:32:47.657Z
  },
  {
    id: '4b549f00f964a52030c327e3',
    name: 'Popeyes Louisiana Kitchen',
    location: {
      address: '985 Market Place Blvd',
      lat: 34.18439065542789,
      lng: -84.13225665166966,
      labeledLatLngs: [Array],
      postalCode: '30041',
      cc: 'US',
      city: 'Cumming',
      state: 'GA',
      country: 'United States',
      formattedAddress: [Array]
    },
    categories: [ [Object] ],
    delivery: {
      id: '2081200',
      url: 'https://www.grubhub.com/restaurant/popeyes-985-market-pl-blvd-cumming/2081200?affiliate=1131&utm_source=foursquare-affiliate-network&utm_medium=affiliate&utm_campaign=1131&utm_content=2081200',
      provider: [Object]
    },
    referralId: 'v-1604611966',
    hasPerk: false,
    dataSource: 'foursquare',
    creationDate: 2020-11-05T21:32:47.657Z
  },
  {
    id: '4b7091c3f964a52090222de3',
    name: 'Chick-fil-A',
    location: {
      address: '653 Atlanta Rd',
      lat: 34.1877192,
      lng: -84.1431874,
      labeledLatLngs: [Array],
      postalCode: '30040',
      cc: 'US',
      city: 'Cumming',
      state: 'GA',
      country: 'United States',
      formattedAddress: [Array]
    },
    categories: [ [Object] ],
    referralId: 'v-1604611966',
    hasPerk: false,
    dataSource: 'foursquare',
    creationDate: 2020-11-05T21:32:47.657Z
  },
  {
    id: '50c763d1e4b0860fb5a70a8f',
    name: 'Marie’s Italian Deli',
    location: {
      address: '580 Atlanta Rd # 34-36',
      lat: 34.189748307406084,
      lng: -84.13620286414033,
      labeledLatLngs: [Array],
      postalCode: '30040',
      cc: 'US',
      city: 'Cumming',
      state: 'GA',
      country: 'United States',
      formattedAddress: [Array]
    },
    categories: [ [Object] ],
    venuePage: { id: '148409240' },
    referralId: 'v-1604611966',
    hasPerk: false,
    dataSource: 'foursquare',
    creationDate: 2020-11-05T21:32:47.657Z
  },
  {
    id: '4b7ad32af964a520ff3e2fe3',
    name: 'Chick-fil-A',
    location: {
      address: '430 Peachtree Pkwy',
      lat: 34.1528122,
      lng: -84.174733,
      labeledLatLngs: [Array],
      postalCode: '30041',
      cc: 'US',
      city: 'Cumming',
      state: 'GA',
      country: 'United States',
      formattedAddress: [Array]
    },
    categories: [ [Object] ],
    referralId: 'v-1604611966',
    hasPerk: false,
    dataSource: 'foursquare',
    creationDate: 2020-11-05T21:32:47.658Z
  },
  {
    id: '4bc26f5274a9a5937060d3f6',
    name: "Applebee's Grill + Bar",
    location: {
      address: '504 Lakeland Plaza',
      lat: 34.18481652,
      lng: -84.1412726,
      labeledLatLngs: [Array],
      postalCode: '30040',
      cc: 'US',
      city: 'Cumming',
      state: 'GA',
      country: 'United States',
      formattedAddress: [Array]
    },
    categories: [ [Object] ],
    delivery: {
      id: '1704204',
      url: 'https://www.grubhub.com/restaurant/applebees-grill--bar-504-lakeland-plaza-cumming/1704204?affiliate=1131&utm_source=foursquare-affiliate-network&utm_medium=affiliate&utm_campaign=1131&utm_content=1704204',
      provider: [Object]
    },
    referralId: 'v-1604611966',
    hasPerk: false,
    dataSource: 'foursquare',
    creationDate: 2020-11-05T21:32:47.658Z
  },
  {
    id: '4b622fcef964a520e63a2ae3',
    name: "Moe's Southwest Grill",
    location: {
      address: '2320 Atlanta Highway',
      crossStreet: 'Bethelview Road',
      lat: 34.16120396959981,
      lng: -84.17470142485823,
      labeledLatLngs: [Array],
      postalCode: '30040',
      cc: 'US',
      city: 'Cumming',
      state: 'GA',
      country: 'United States',
      formattedAddress: [Array]
    },
    categories: [ [Object] ],
    referralId: 'v-1604611966',
    hasPerk: false,
    dataSource: 'foursquare',
    creationDate: 2020-11-05T21:32:47.659Z
  },
  {
    id: '572943dbcd103012dfc0dfe2',
    name: 'Grub Burger Bar',
    location: {
      address: '410 Peachtree Parkway, Ste 204',
      lat: 34.152554,
      lng: -84.176224,
      labeledLatLngs: [Array],
      postalCode: '30041',
      cc: 'US',
      city: 'Cumming',
      state: 'GA',
      country: 'United States',
      formattedAddress: [Array]
    },
    categories: [ [Object] ],
    referralId: 'v-1604611966',
    hasPerk: false,
    dataSource: 'foursquare',
    creationDate: 2020-11-05T21:32:47.659Z
  },
  {
    id: '5a0f6f5cbd400971457e3955',
    name: 'Hacienda Bar And Grill',
    location: {
      lat: 34.1857,
      lng: -84.14444,
      labeledLatLngs: [Array],
      postalCode: '30040',
      cc: 'US',
      city: 'Cumming',
      state: 'GA',
      country: 'United States',
      formattedAddress: [Array]
    },
    categories: [ [Object] ],
    delivery: {
      id: '2111679',
      url: 'https://www.grubhub.com/restaurant/hacienda-bar--grill-549-lakeland-plaza-cumming/2111679?affiliate=1131&utm_source=foursquare-affiliate-network&utm_medium=affiliate&utm_campaign=1131&utm_content=2111679',
      provider: [Object]
    },
    referralId: 'v-1604611966',
    hasPerk: false,
    dataSource: 'foursquare',
    creationDate: 2020-11-05T21:32:47.659Z
  },
  {
    id: '4b802160f964a520f75430e3',
    name: 'Los Rios',
    location: {
      address: '12 Tri County Plz',
      lat: 34.1903292881919,
      lng: -84.13616638230918,
      labeledLatLngs: [Array],
      postalCode: '30040',
      cc: 'US',
      city: 'Cumming',
      state: 'GA',
      country: 'United States',
      formattedAddress: [Array]
    },
    categories: [ [Object] ],
    referralId: 'v-1604611966',
    hasPerk: false,
    dataSource: 'foursquare',
    creationDate: 2020-11-05T21:32:47.660Z
  },
  {
    id: '5dc6074c042a4f00084900c3',
    name: 'Friends American Grill',
    location: {
      address: '506 Lakeland Plz',
      lat: 34.18423843383789,
      lng: -84.14112854003906,
      labeledLatLngs: [Array],
      postalCode: '30040',
      cc: 'US',
      city: 'Cumming',
      state: 'GA',
      country: 'United States',
      formattedAddress: [Array]
    },
    categories: [ [Object] ],
    referralId: 'v-1604611966',
    hasPerk: false,
    dataSource: 'foursquare',
    creationDate: 2020-11-05T21:32:47.661Z
  },
  {
    id: '4c0e48e02466a593c7c17821',
    name: 'Ingles',
    location: {
      address: '6055 Bethelview Rd',
      crossStreet: 'Hwy 9',
      lat: 34.16315555571313,
      lng: -84.17405310143117,
      labeledLatLngs: [Array],
      postalCode: '30040',
      cc: 'US',
      city: 'Cumming',
      state: 'GA',
      country: 'United States',
      formattedAddress: [Array]
    },
    categories: [ [Object] ],
    referralId: 'v-1604611966',
    hasPerk: false,
    dataSource: 'foursquare',
    creationDate: 2020-11-05T21:32:47.661Z
  },
  {
    id: '582a4799c0c33e638bdcf51e',
    name: 'Taco Bell',
    location: {
      address: '5945 Bethelview Road',
      crossStreet: 'Bethelview',
      lat: 34.164935933444234,
      lng: -84.17627236398826,
      labeledLatLngs: [Array],
      postalCode: '30041',
      cc: 'US',
      city: 'Cumming',
      state: 'GA',
      country: 'United States',
      formattedAddress: [Array]
    },
    categories: [ [Object] ],
    delivery: {
      id: '924455',
      url: 'https://www.grubhub.com/restaurant/taco-bell-5945-bethelview-rd-cumming/924455?affiliate=1131&utm_source=foursquare-affiliate-network&utm_medium=affiliate&utm_campaign=1131&utm_content=924455',
      provider: [Object]
    },
    referralId: 'v-1604611966',
    hasPerk: false,
    dataSource: 'foursquare',
    creationDate: 2020-11-05T21:32:47.662Z
  },
  {
    id: '598110dc9ec3994fcb8974ab',
    name: 'Las Palmas',
    location: {
      lat: 34.174436,
      lng: -84.18691,
      labeledLatLngs: [Array],
      postalCode: '30040',
      cc: 'US',
      city: 'Cumming',
      state: 'GA',
      country: 'United States',
      formattedAddress: [Array]
    },
    categories: [ [Object] ],
    referralId: 'v-1604611966',
    hasPerk: false,
    dataSource: 'foursquare',
    creationDate: 2020-11-05T21:32:47.663Z
  },
  {
    id: '5f4eb54afc9d580dd7a34aef',
    name: 'Pita',
    location: {
      lat: 34.160334,
      lng: -84.175058,
      labeledLatLngs: [Array],
      postalCode: '30040',
      cc: 'US',
      city: 'Cumming',
      state: 'GA',
      country: 'United States',
      formattedAddress: [Array]
    },
    categories: [ [Object] ],
    referralId: 'v-1604611966',
    hasPerk: false,
    dataSource: 'foursquare',
    creationDate: 2020-11-05T21:32:47.663Z
  }
]
[2020-11-05T16:56:36.108] [INFO] default - {
  html_attributions: [],
  results: [
    {
      business_status: 'OPERATIONAL',
      formatted_address: '5537 Chamblee Dunwoody Rd, Dunwoody, GA 30338, United States',
      geometry: [Object],
      icon: 'https://maps.gstatic.com/mapfiles/place_api/icons/v1/png_71/restaurant-71.png',
      name: 'Royal Spice Indian Restaurant',
      opening_hours: [Object],
      photos: [Array],
      place_id: 'ChIJiX0KBfgL9YgRQEIpv4qP6Ek',
      plus_code: [Object],
      rating: 4.7,
      reference: 'ChIJiX0KBfgL9YgRQEIpv4qP6Ek',
      types: [Array],
      user_ratings_total: 72,
      dataSource: 'googleplace',
      creationDate: 2020-11-05T21:56:36.096Z
    },
    {
      business_status: 'OPERATIONAL',
      formatted_address: '4719 Ashford Dunwoody Rd #104, Dunwoody, GA 30338, United States',
      geometry: [Object],
      icon: 'https://maps.gstatic.com/mapfiles/place_api/icons/v1/png_71/restaurant-71.png',
      name: 'Viceroy Indian Dining',
      opening_hours: [Object],
      photos: [Array],
      place_id: 'ChIJ07S-OF8J9YgRW2h6uxxjs3I',
      plus_code: [Object],
      price_level: 2,
      rating: 4.1,
      reference: 'ChIJ07S-OF8J9YgRW2h6uxxjs3I',
      types: [Array],
      user_ratings_total: 573,
      dataSource: 'googleplace',
      creationDate: 2020-11-05T21:56:36.103Z
    },
    {
      business_status: 'OPERATIONAL',
      formatted_address: '4639 N Shallowford Rd, Dunwoody, GA 30338, United States',
      geometry: [Object],
      icon: 'https://maps.gstatic.com/mapfiles/place_api/icons/v1/png_71/restaurant-71.png',
      name: 'Bay Leaf',
      opening_hours: [Object],
      photos: [Array],
      place_id: 'ChIJCUkh5YEJ9YgRspgDHmYdDYU',
      plus_code: [Object],
      price_level: 1,
      rating: 3.9,
      reference: 'ChIJCUkh5YEJ9YgRspgDHmYdDYU',
      types: [Array],
      user_ratings_total: 266,
      dataSource: 'googleplace',
      creationDate: 2020-11-05T21:56:36.104Z
    },
    {
      business_status: 'OPERATIONAL',
      formatted_address: '130 Perimeter Center Pl, Dunwoody, GA 30346, United States',
      geometry: [Object],
      icon: 'https://maps.gstatic.com/mapfiles/place_api/icons/v1/png_71/restaurant-71.png',
      name: 'Hyderabad House Atlanta - Biryani Place',
      opening_hours: [Object],
      photos: [Array],
      place_id: 'ChIJW_i_EeIJ9YgRwTdDLGwUHlk',
      plus_code: [Object],
      price_level: 2,
      rating: 4.2,
      reference: 'ChIJW_i_EeIJ9YgRwTdDLGwUHlk',
      types: [Array],
      user_ratings_total: 511,
      dataSource: 'googleplace',
      creationDate: 2020-11-05T21:56:36.105Z
    },
    {
      business_status: 'OPERATIONAL',
      formatted_address: '2144 Johnson Ferry Rd NE, Atlanta, GA 30319, United States',
      geometry: [Object],
      icon: 'https://maps.gstatic.com/mapfiles/place_api/icons/v1/png_71/restaurant-71.png',
      name: 'Moon Indian Cuisine',
      opening_hours: [Object],
      photos: [Array],
      place_id: 'ChIJqXttUhwJ9YgR7oEMLKkuiik',
      plus_code: [Object],
      price_level: 2,
      rating: 4.1,
      reference: 'ChIJqXttUhwJ9YgR7oEMLKkuiik',
      types: [Array],
      user_ratings_total: 286,
      dataSource: 'googleplace',
      creationDate: 2020-11-05T21:56:36.106Z
    },
    {
      business_status: 'OPERATIONAL',
      formatted_address: '6631-B Roswell Rd NE, Sandy Springs, GA 30328, United States',
      geometry: [Object],
      icon: 'https://maps.gstatic.com/mapfiles/place_api/icons/v1/png_71/restaurant-71.png',
      name: 'Bawarchi Biryanis Atlanta',
      opening_hours: [Object],
      photos: [Array],
      place_id: 'ChIJXbLX3p8O9YgRBS4cwwDK_yg',
      plus_code: [Object],
      price_level: 2,
      rating: 3.9,
      reference: 'ChIJXbLX3p8O9YgRBS4cwwDK_yg',
      types: [Array],
      user_ratings_total: 1608,
      dataSource: 'googleplace',
      creationDate: 2020-11-05T21:56:36.107Z
    }
  ],
  status: 'OK'
}
