[2021-10-06T18:01:09.271] [INFO] default - [
  {
    id: 3408744,
    width: 3546,
    height: 2255,
    url: 'https://www.pexels.com/photo/scenic-view-of-snow-capped-mountains-during-night-3408744/',
    photographer: 'stein egil liland',
    photographer_url: 'https://www.pexels.com/@therato',
    photographer_id: 144244,
    avg_color: '#557088',
    src: {
      original: 'https://images.pexels.com/photos/3408744/pexels-photo-3408744.jpeg',
      large2x: 'https://images.pexels.com/photos/3408744/pexels-photo-3408744.jpeg?auto=compress&cs=tinysrgb&dpr=2&h=650&w=940',
      large: 'https://images.pexels.com/photos/3408744/pexels-photo-3408744.jpeg?auto=compress&cs=tinysrgb&h=650&w=940',
      medium: 'https://images.pexels.com/photos/3408744/pexels-photo-3408744.jpeg?auto=compress&cs=tinysrgb&h=350',
      small: 'https://images.pexels.com/photos/3408744/pexels-photo-3408744.jpeg?auto=compress&cs=tinysrgb&h=130',
      portrait: 'https://images.pexels.com/photos/3408744/pexels-photo-3408744.jpeg?auto=compress&cs=tinysrgb&fit=crop&h=1200&w=800',
      landscape: 'https://images.pexels.com/photos/3408744/pexels-photo-3408744.jpeg?auto=compress&cs=tinysrgb&fit=crop&h=627&w=1200',
      tiny: 'https://images.pexels.com/photos/3408744/pexels-photo-3408744.jpeg?auto=compress&cs=tinysrgb&dpr=1&fit=crop&h=200&w=280'
    },
    liked: false
  },
  {
    id: 572897,
    width: 6914,
    height: 4463,
    url: 'https://www.pexels.com/photo/mountain-covered-snow-under-star-572897/',
    photographer: 'eberhard grossgasteiger',
    photographer_url: 'https://www.pexels.com/@eberhardgross',
    photographer_id: 121938,
    avg_color: '#5D5A63',
    src: {
      original: 'https://images.pexels.com/photos/572897/pexels-photo-572897.jpeg',
      large2x: 'https://images.pexels.com/photos/572897/pexels-photo-572897.jpeg?auto=compress&cs=tinysrgb&dpr=2&h=650&w=940',
      large: 'https://images.pexels.com/photos/572897/pexels-photo-572897.jpeg?auto=compress&cs=tinysrgb&h=650&w=940',
      medium: 'https://images.pexels.com/photos/572897/pexels-photo-572897.jpeg?auto=compress&cs=tinysrgb&h=350',
      small: 'https://images.pexels.com/photos/572897/pexels-photo-572897.jpeg?auto=compress&cs=tinysrgb&h=130',
      portrait: 'https://images.pexels.com/photos/572897/pexels-photo-572897.jpeg?auto=compress&cs=tinysrgb&fit=crop&h=1200&w=800',
      landscape: 'https://images.pexels.com/photos/572897/pexels-photo-572897.jpeg?auto=compress&cs=tinysrgb&fit=crop&h=627&w=1200',
      tiny: 'https://images.pexels.com/photos/572897/pexels-photo-572897.jpeg?auto=compress&cs=tinysrgb&dpr=1&fit=crop&h=200&w=280'
    },
    liked: false
  },
  {
    id: 15286,
    width: 2500,
    height: 1667,
    url: 'https://www.pexels.com/photo/person-walking-between-green-forest-trees-15286/',
    photographer: 'Luis del Río',
    photographer_url: 'https://www.pexels.com/@luisdelrio',
    photographer_id: 1081,
    avg_color: '#283419',
    src: {
      original: 'https://images.pexels.com/photos/15286/pexels-photo.jpg',
      large2x: 'https://images.pexels.com/photos/15286/pexels-photo.jpg?auto=compress&cs=tinysrgb&dpr=2&h=650&w=940',
      large: 'https://images.pexels.com/photos/15286/pexels-photo.jpg?auto=compress&cs=tinysrgb&h=650&w=940',
      medium: 'https://images.pexels.com/photos/15286/pexels-photo.jpg?auto=compress&cs=tinysrgb&h=350',
      small: 'https://images.pexels.com/photos/15286/pexels-photo.jpg?auto=compress&cs=tinysrgb&h=130',
      portrait: 'https://images.pexels.com/photos/15286/pexels-photo.jpg?auto=compress&cs=tinysrgb&fit=crop&h=1200&w=800',
      landscape: 'https://images.pexels.com/photos/15286/pexels-photo.jpg?auto=compress&cs=tinysrgb&fit=crop&h=627&w=1200',
      tiny: 'https://images.pexels.com/photos/15286/pexels-photo.jpg?auto=compress&cs=tinysrgb&dpr=1&fit=crop&h=200&w=280'
    },
    liked: false
  },
  {
    id: 624015,
    width: 4216,
    height: 2848,
    url: 'https://www.pexels.com/photo/aurora-borealis-624015/',
    photographer: 'Frans Van Heerden',
    photographer_url: 'https://www.pexels.com/@frans-van-heerden-201846',
    photographer_id: 201846,
    avg_color: '#71839F',
    src: {
      original: 'https://images.pexels.com/photos/624015/pexels-photo-624015.jpeg',
      large2x: 'https://images.pexels.com/photos/624015/pexels-photo-624015.jpeg?auto=compress&cs=tinysrgb&dpr=2&h=650&w=940',
      large: 'https://images.pexels.com/photos/624015/pexels-photo-624015.jpeg?auto=compress&cs=tinysrgb&h=650&w=940',
      medium: 'https://images.pexels.com/photos/624015/pexels-photo-624015.jpeg?auto=compress&cs=tinysrgb&h=350',
      small: 'https://images.pexels.com/photos/624015/pexels-photo-624015.jpeg?auto=compress&cs=tinysrgb&h=130',
      portrait: 'https://images.pexels.com/photos/624015/pexels-photo-624015.jpeg?auto=compress&cs=tinysrgb&fit=crop&h=1200&w=800',
      landscape: 'https://images.pexels.com/photos/624015/pexels-photo-624015.jpeg?auto=compress&cs=tinysrgb&fit=crop&h=627&w=1200',
      tiny: 'https://images.pexels.com/photos/624015/pexels-photo-624015.jpeg?auto=compress&cs=tinysrgb&dpr=1&fit=crop&h=200&w=280'
    },
    liked: false
  },
  {
    id: 3244513,
    width: 5121,
    height: 3525,
    url: 'https://www.pexels.com/photo/brown-landscape-under-grey-sky-3244513/',
    photographer: 'Andy Vu',
    photographer_url: 'https://www.pexels.com/@andyhvu',
    photographer_id: 1653971,
    avg_color: '#473C36',
    src: {
      original: 'https://images.pexels.com/photos/3244513/pexels-photo-3244513.jpeg',
      large2x: 'https://images.pexels.com/photos/3244513/pexels-photo-3244513.jpeg?auto=compress&cs=tinysrgb&dpr=2&h=650&w=940',
      large: 'https://images.pexels.com/photos/3244513/pexels-photo-3244513.jpeg?auto=compress&cs=tinysrgb&h=650&w=940',
      medium: 'https://images.pexels.com/photos/3244513/pexels-photo-3244513.jpeg?auto=compress&cs=tinysrgb&h=350',
      small: 'https://images.pexels.com/photos/3244513/pexels-photo-3244513.jpeg?auto=compress&cs=tinysrgb&h=130',
      portrait: 'https://images.pexels.com/photos/3244513/pexels-photo-3244513.jpeg?auto=compress&cs=tinysrgb&fit=crop&h=1200&w=800',
      landscape: 'https://images.pexels.com/photos/3244513/pexels-photo-3244513.jpeg?auto=compress&cs=tinysrgb&fit=crop&h=627&w=1200',
      tiny: 'https://images.pexels.com/photos/3244513/pexels-photo-3244513.jpeg?auto=compress&cs=tinysrgb&dpr=1&fit=crop&h=200&w=280'
    },
    liked: false
  },
  {
    id: 1376201,
    width: 3025,
    height: 4032,
    url: 'https://www.pexels.com/photo/close-up-photo-of-green-leafy-plant-1376201/',
    photographer: 'Daria Shevtsova',
    photographer_url: 'https://www.pexels.com/@daria',
    photographer_id: 220024,
    avg_color: '#2C3C30',
    src: {
      original: 'https://images.pexels.com/photos/1376201/pexels-photo-1376201.jpeg',
      large2x: 'https://images.pexels.com/photos/1376201/pexels-photo-1376201.jpeg?auto=compress&cs=tinysrgb&dpr=2&h=650&w=940',
      large: 'https://images.pexels.com/photos/1376201/pexels-photo-1376201.jpeg?auto=compress&cs=tinysrgb&h=650&w=940',
      medium: 'https://images.pexels.com/photos/1376201/pexels-photo-1376201.jpeg?auto=compress&cs=tinysrgb&h=350',
      small: 'https://images.pexels.com/photos/1376201/pexels-photo-1376201.jpeg?auto=compress&cs=tinysrgb&h=130',
      portrait: 'https://images.pexels.com/photos/1376201/pexels-photo-1376201.jpeg?auto=compress&cs=tinysrgb&fit=crop&h=1200&w=800',
      landscape: 'https://images.pexels.com/photos/1376201/pexels-photo-1376201.jpeg?auto=compress&cs=tinysrgb&fit=crop&h=627&w=1200',
      tiny: 'https://images.pexels.com/photos/1376201/pexels-photo-1376201.jpeg?auto=compress&cs=tinysrgb&dpr=1&fit=crop&h=200&w=280'
    },
    liked: false
  },
  {
    id: 1693095,
    width: 2848,
    height: 3560,
    url: 'https://www.pexels.com/photo/aurora-lights-1693095/',
    photographer: 'Tobias Bjørkli',
    photographer_url: 'https://www.pexels.com/@tobias-bjorkli-706370',
    photographer_id: 706370,
    avg_color: '#2E606A',
    src: {
      original: 'https://images.pexels.com/photos/1693095/pexels-photo-1693095.jpeg',
      large2x: 'https://images.pexels.com/photos/1693095/pexels-photo-1693095.jpeg?auto=compress&cs=tinysrgb&dpr=2&h=650&w=940',
      large: 'https://images.pexels.com/photos/1693095/pexels-photo-1693095.jpeg?auto=compress&cs=tinysrgb&h=650&w=940',
      medium: 'https://images.pexels.com/photos/1693095/pexels-photo-1693095.jpeg?auto=compress&cs=tinysrgb&h=350',
      small: 'https://images.pexels.com/photos/1693095/pexels-photo-1693095.jpeg?auto=compress&cs=tinysrgb&h=130',
      portrait: 'https://images.pexels.com/photos/1693095/pexels-photo-1693095.jpeg?auto=compress&cs=tinysrgb&fit=crop&h=1200&w=800',
      landscape: 'https://images.pexels.com/photos/1693095/pexels-photo-1693095.jpeg?auto=compress&cs=tinysrgb&fit=crop&h=627&w=1200',
      tiny: 'https://images.pexels.com/photos/1693095/pexels-photo-1693095.jpeg?auto=compress&cs=tinysrgb&dpr=1&fit=crop&h=200&w=280'
    },
    liked: false
  },
  {
    id: 1770809,
    width: 2832,
    height: 4240,
    url: 'https://www.pexels.com/photo/green-grass-near-trees-1770809/',
    photographer: 'Luis Dalvan',
    photographer_url: 'https://www.pexels.com/@luisdalvan',
    photographer_id: 811128,
    avg_color: '#325042',
    src: {
      original: 'https://images.pexels.com/photos/1770809/pexels-photo-1770809.jpeg',
      large2x: 'https://images.pexels.com/photos/1770809/pexels-photo-1770809.jpeg?auto=compress&cs=tinysrgb&dpr=2&h=650&w=940',
      large: 'https://images.pexels.com/photos/1770809/pexels-photo-1770809.jpeg?auto=compress&cs=tinysrgb&h=650&w=940',
      medium: 'https://images.pexels.com/photos/1770809/pexels-photo-1770809.jpeg?auto=compress&cs=tinysrgb&h=350',
      small: 'https://images.pexels.com/photos/1770809/pexels-photo-1770809.jpeg?auto=compress&cs=tinysrgb&h=130',
      portrait: 'https://images.pexels.com/photos/1770809/pexels-photo-1770809.jpeg?auto=compress&cs=tinysrgb&fit=crop&h=1200&w=800',
      landscape: 'https://images.pexels.com/photos/1770809/pexels-photo-1770809.jpeg?auto=compress&cs=tinysrgb&fit=crop&h=627&w=1200',
      tiny: 'https://images.pexels.com/photos/1770809/pexels-photo-1770809.jpeg?auto=compress&cs=tinysrgb&dpr=1&fit=crop&h=200&w=280'
    },
    liked: false
  },
  {
    id: 1785493,
    width: 3821,
    height: 5732,
    url: 'https://www.pexels.com/photo/mountains-covered-with-snow-1785493/',
    photographer: 'Kasuma',
    photographer_url: 'https://www.pexels.com/@kasuma',
    photographer_id: 21293,
    avg_color: '#223039',
    src: {
      original: 'https://images.pexels.com/photos/1785493/pexels-photo-1785493.jpeg',
      large2x: 'https://images.pexels.com/photos/1785493/pexels-photo-1785493.jpeg?auto=compress&cs=tinysrgb&dpr=2&h=650&w=940',
      large: 'https://images.pexels.com/photos/1785493/pexels-photo-1785493.jpeg?auto=compress&cs=tinysrgb&h=650&w=940',
      medium: 'https://images.pexels.com/photos/1785493/pexels-photo-1785493.jpeg?auto=compress&cs=tinysrgb&h=350',
      small: 'https://images.pexels.com/photos/1785493/pexels-photo-1785493.jpeg?auto=compress&cs=tinysrgb&h=130',
      portrait: 'https://images.pexels.com/photos/1785493/pexels-photo-1785493.jpeg?auto=compress&cs=tinysrgb&fit=crop&h=1200&w=800',
      landscape: 'https://images.pexels.com/photos/1785493/pexels-photo-1785493.jpeg?auto=compress&cs=tinysrgb&fit=crop&h=627&w=1200',
      tiny: 'https://images.pexels.com/photos/1785493/pexels-photo-1785493.jpeg?auto=compress&cs=tinysrgb&dpr=1&fit=crop&h=200&w=280'
    },
    liked: false
  },
  {
    id: 1755243,
    width: 5440,
    height: 8160,
    url: 'https://www.pexels.com/photo/snow-covered-mountain-1755243/',
    photographer: 'Zhaocan Li',
    photographer_url: 'https://www.pexels.com/@skylar-t800',
    photographer_id: 861078,
    avg_color: '#A9B0C3',
    src: {
      original: 'https://images.pexels.com/photos/1755243/pexels-photo-1755243.jpeg',
      large2x: 'https://images.pexels.com/photos/1755243/pexels-photo-1755243.jpeg?auto=compress&cs=tinysrgb&dpr=2&h=650&w=940',
      large: 'https://images.pexels.com/photos/1755243/pexels-photo-1755243.jpeg?auto=compress&cs=tinysrgb&h=650&w=940',
      medium: 'https://images.pexels.com/photos/1755243/pexels-photo-1755243.jpeg?auto=compress&cs=tinysrgb&h=350',
      small: 'https://images.pexels.com/photos/1755243/pexels-photo-1755243.jpeg?auto=compress&cs=tinysrgb&h=130',
      portrait: 'https://images.pexels.com/photos/1755243/pexels-photo-1755243.jpeg?auto=compress&cs=tinysrgb&fit=crop&h=1200&w=800',
      landscape: 'https://images.pexels.com/photos/1755243/pexels-photo-1755243.jpeg?auto=compress&cs=tinysrgb&fit=crop&h=627&w=1200',
      tiny: 'https://images.pexels.com/photos/1755243/pexels-photo-1755243.jpeg?auto=compress&cs=tinysrgb&dpr=1&fit=crop&h=200&w=280'
    },
    liked: false
  },
  {
    id: 2113566,
    width: 6240,
    height: 4160,
    url: 'https://www.pexels.com/photo/mountain-beside-body-of-water-with-aurora-borealis-2113566/',
    photographer: 'Tobias Bjørkli',
    photographer_url: 'https://www.pexels.com/@tobias-bjorkli-706370',
    photographer_id: 706370,
    avg_color: '#414247',
    src: {
      original: 'https://images.pexels.com/photos/2113566/pexels-photo-2113566.jpeg',
      large2x: 'https://images.pexels.com/photos/2113566/pexels-photo-2113566.jpeg?auto=compress&cs=tinysrgb&dpr=2&h=650&w=940',
      large: 'https://images.pexels.com/photos/2113566/pexels-photo-2113566.jpeg?auto=compress&cs=tinysrgb&h=650&w=940',
      medium: 'https://images.pexels.com/photos/2113566/pexels-photo-2113566.jpeg?auto=compress&cs=tinysrgb&h=350',
      small: 'https://images.pexels.com/photos/2113566/pexels-photo-2113566.jpeg?auto=compress&cs=tinysrgb&h=130',
      portrait: 'https://images.pexels.com/photos/2113566/pexels-photo-2113566.jpeg?auto=compress&cs=tinysrgb&fit=crop&h=1200&w=800',
      landscape: 'https://images.pexels.com/photos/2113566/pexels-photo-2113566.jpeg?auto=compress&cs=tinysrgb&fit=crop&h=627&w=1200',
      tiny: 'https://images.pexels.com/photos/2113566/pexels-photo-2113566.jpeg?auto=compress&cs=tinysrgb&dpr=1&fit=crop&h=200&w=280'
    },
    liked: false
  },
  {
    id: 2469122,
    width: 4912,
    height: 7360,
    url: 'https://www.pexels.com/photo/starry-sky-over-mountains-2469122/',
    photographer: 'Cliford Mervil',
    photographer_url: 'https://www.pexels.com/@cliford-mervil-988071',
    photographer_id: 988071,
    avg_color: '#1C344B',
    src: {
      original: 'https://images.pexels.com/photos/2469122/pexels-photo-2469122.jpeg',
      large2x: 'https://images.pexels.com/photos/2469122/pexels-photo-2469122.jpeg?auto=compress&cs=tinysrgb&dpr=2&h=650&w=940',
      large: 'https://images.pexels.com/photos/2469122/pexels-photo-2469122.jpeg?auto=compress&cs=tinysrgb&h=650&w=940',
      medium: 'https://images.pexels.com/photos/2469122/pexels-photo-2469122.jpeg?auto=compress&cs=tinysrgb&h=350',
      small: 'https://images.pexels.com/photos/2469122/pexels-photo-2469122.jpeg?auto=compress&cs=tinysrgb&h=130',
      portrait: 'https://images.pexels.com/photos/2469122/pexels-photo-2469122.jpeg?auto=compress&cs=tinysrgb&fit=crop&h=1200&w=800',
      landscape: 'https://images.pexels.com/photos/2469122/pexels-photo-2469122.jpeg?auto=compress&cs=tinysrgb&fit=crop&h=627&w=1200',
      tiny: 'https://images.pexels.com/photos/2469122/pexels-photo-2469122.jpeg?auto=compress&cs=tinysrgb&dpr=1&fit=crop&h=200&w=280'
    },
    liked: false
  },
  {
    id: 2492097,
    width: 4000,
    height: 5000,
    url: 'https://www.pexels.com/photo/photo-of-woman-in-red-v-neck-top-walking-on-a-tree-log-between-trees-2492097/',
    photographer: 'Louis',
    photographer_url: 'https://www.pexels.com/@louis-965146',
    photographer_id: 965146,
    avg_color: '#364438',
    src: {
      original: 'https://images.pexels.com/photos/2492097/pexels-photo-2492097.jpeg',
      large2x: 'https://images.pexels.com/photos/2492097/pexels-photo-2492097.jpeg?auto=compress&cs=tinysrgb&dpr=2&h=650&w=940',
      large: 'https://images.pexels.com/photos/2492097/pexels-photo-2492097.jpeg?auto=compress&cs=tinysrgb&h=650&w=940',
      medium: 'https://images.pexels.com/photos/2492097/pexels-photo-2492097.jpeg?auto=compress&cs=tinysrgb&h=350',
      small: 'https://images.pexels.com/photos/2492097/pexels-photo-2492097.jpeg?auto=compress&cs=tinysrgb&h=130',
      portrait: 'https://images.pexels.com/photos/2492097/pexels-photo-2492097.jpeg?auto=compress&cs=tinysrgb&fit=crop&h=1200&w=800',
      landscape: 'https://images.pexels.com/photos/2492097/pexels-photo-2492097.jpeg?auto=compress&cs=tinysrgb&fit=crop&h=627&w=1200',
      tiny: 'https://images.pexels.com/photos/2492097/pexels-photo-2492097.jpeg?auto=compress&cs=tinysrgb&dpr=1&fit=crop&h=200&w=280'
    },
    liked: false
  },
  {
    id: 924824,
    width: 6144,
    height: 4096,
    url: 'https://www.pexels.com/photo/time-lapse-photo-of-stars-on-night-924824/',
    photographer: 'Jakub Novacek',
    photographer_url: 'https://www.pexels.com/@kubiceknov',
    photographer_id: 172969,
    avg_color: '#222028',
    src: {
      original: 'https://images.pexels.com/photos/924824/pexels-photo-924824.jpeg',
      large2x: 'https://images.pexels.com/photos/924824/pexels-photo-924824.jpeg?auto=compress&cs=tinysrgb&dpr=2&h=650&w=940',
      large: 'https://images.pexels.com/photos/924824/pexels-photo-924824.jpeg?auto=compress&cs=tinysrgb&h=650&w=940',
      medium: 'https://images.pexels.com/photos/924824/pexels-photo-924824.jpeg?auto=compress&cs=tinysrgb&h=350',
      small: 'https://images.pexels.com/photos/924824/pexels-photo-924824.jpeg?auto=compress&cs=tinysrgb&h=130',
      portrait: 'https://images.pexels.com/photos/924824/pexels-photo-924824.jpeg?auto=compress&cs=tinysrgb&fit=crop&h=1200&w=800',
      landscape: 'https://images.pexels.com/photos/924824/pexels-photo-924824.jpeg?auto=compress&cs=tinysrgb&fit=crop&h=627&w=1200',
      tiny: 'https://images.pexels.com/photos/924824/pexels-photo-924824.jpeg?auto=compress&cs=tinysrgb&dpr=1&fit=crop&h=200&w=280'
    },
    liked: false
  },
  {
    id: 4534200,
    width: 6000,
    height: 4002,
    url: 'https://www.pexels.com/photo/amazing-waterfall-with-lush-foliage-on-rocks-4534200/',
    photographer: 'ArtHouse Studio',
    photographer_url: 'https://www.pexels.com/@arthousestudio',
    photographer_id: 2766954,
    avg_color: '#5A6656',
    src: {
      original: 'https://images.pexels.com/photos/4534200/pexels-photo-4534200.jpeg',
      large2x: 'https://images.pexels.com/photos/4534200/pexels-photo-4534200.jpeg?auto=compress&cs=tinysrgb&dpr=2&h=650&w=940',
      large: 'https://images.pexels.com/photos/4534200/pexels-photo-4534200.jpeg?auto=compress&cs=tinysrgb&h=650&w=940',
      medium: 'https://images.pexels.com/photos/4534200/pexels-photo-4534200.jpeg?auto=compress&cs=tinysrgb&h=350',
      small: 'https://images.pexels.com/photos/4534200/pexels-photo-4534200.jpeg?auto=compress&cs=tinysrgb&h=130',
      portrait: 'https://images.pexels.com/photos/4534200/pexels-photo-4534200.jpeg?auto=compress&cs=tinysrgb&fit=crop&h=1200&w=800',
      landscape: 'https://images.pexels.com/photos/4534200/pexels-photo-4534200.jpeg?auto=compress&cs=tinysrgb&fit=crop&h=627&w=1200',
      tiny: 'https://images.pexels.com/photos/4534200/pexels-photo-4534200.jpeg?auto=compress&cs=tinysrgb&dpr=1&fit=crop&h=200&w=280'
    },
    liked: false
  }
]
[2021-10-06T18:01:09.399] [INFO] default - [
  {
    id: 4522862,
    width: 2000,
    height: 3000,
    url: 'https://www.pexels.com/photo/fashion-love-people-woman-4522862/',
    photographer: 'Polina Tankilevitch',
    photographer_url: 'https://www.pexels.com/@polina-tankilevitch',
    photographer_id: 2104565,
    avg_color: '#C2B37F',
    src: {
      original: 'https://images.pexels.com/photos/4522862/pexels-photo-4522862.jpeg',
      large2x: 'https://images.pexels.com/photos/4522862/pexels-photo-4522862.jpeg?auto=compress&cs=tinysrgb&dpr=2&h=650&w=940',
      large: 'https://images.pexels.com/photos/4522862/pexels-photo-4522862.jpeg?auto=compress&cs=tinysrgb&h=650&w=940',
      medium: 'https://images.pexels.com/photos/4522862/pexels-photo-4522862.jpeg?auto=compress&cs=tinysrgb&h=350',
      small: 'https://images.pexels.com/photos/4522862/pexels-photo-4522862.jpeg?auto=compress&cs=tinysrgb&h=130',
      portrait: 'https://images.pexels.com/photos/4522862/pexels-photo-4522862.jpeg?auto=compress&cs=tinysrgb&fit=crop&h=1200&w=800',
      landscape: 'https://images.pexels.com/photos/4522862/pexels-photo-4522862.jpeg?auto=compress&cs=tinysrgb&fit=crop&h=627&w=1200',
      tiny: 'https://images.pexels.com/photos/4522862/pexels-photo-4522862.jpeg?auto=compress&cs=tinysrgb&dpr=1&fit=crop&h=200&w=280'
    },
    liked: false
  },
  {
    id: 736842,
    width: 7360,
    height: 4912,
    url: 'https://www.pexels.com/photo/photo-of-woman-holding-a-green-paper-736842/',
    photographer: 'Kat Smith',
    photographer_url: 'https://www.pexels.com/@katlovessteve',
    photographer_id: 166079,
    avg_color: '#827E6C',
    src: {
      original: 'https://images.pexels.com/photos/736842/pexels-photo-736842.jpeg',
      large2x: 'https://images.pexels.com/photos/736842/pexels-photo-736842.jpeg?auto=compress&cs=tinysrgb&dpr=2&h=650&w=940',
      large: 'https://images.pexels.com/photos/736842/pexels-photo-736842.jpeg?auto=compress&cs=tinysrgb&h=650&w=940',
      medium: 'https://images.pexels.com/photos/736842/pexels-photo-736842.jpeg?auto=compress&cs=tinysrgb&h=350',
      small: 'https://images.pexels.com/photos/736842/pexels-photo-736842.jpeg?auto=compress&cs=tinysrgb&h=130',
      portrait: 'https://images.pexels.com/photos/736842/pexels-photo-736842.jpeg?auto=compress&cs=tinysrgb&fit=crop&h=1200&w=800',
      landscape: 'https://images.pexels.com/photos/736842/pexels-photo-736842.jpeg?auto=compress&cs=tinysrgb&fit=crop&h=627&w=1200',
      tiny: 'https://images.pexels.com/photos/736842/pexels-photo-736842.jpeg?auto=compress&cs=tinysrgb&dpr=1&fit=crop&h=200&w=280'
    },
    liked: false
  },
  {
    id: 774909,
    width: 3840,
    height: 5760,
    url: 'https://www.pexels.com/photo/woman-in-collared-shirt-774909/',
    photographer: 'Andrea Piacquadio',
    photographer_url: 'https://www.pexels.com/@olly',
    photographer_id: 224453,
    avg_color: '#99958A',
    src: {
      original: 'https://images.pexels.com/photos/774909/pexels-photo-774909.jpeg',
      large2x: 'https://images.pexels.com/photos/774909/pexels-photo-774909.jpeg?auto=compress&cs=tinysrgb&dpr=2&h=650&w=940',
      large: 'https://images.pexels.com/photos/774909/pexels-photo-774909.jpeg?auto=compress&cs=tinysrgb&h=650&w=940',
      medium: 'https://images.pexels.com/photos/774909/pexels-photo-774909.jpeg?auto=compress&cs=tinysrgb&h=350',
      small: 'https://images.pexels.com/photos/774909/pexels-photo-774909.jpeg?auto=compress&cs=tinysrgb&h=130',
      portrait: 'https://images.pexels.com/photos/774909/pexels-photo-774909.jpeg?auto=compress&cs=tinysrgb&fit=crop&h=1200&w=800',
      landscape: 'https://images.pexels.com/photos/774909/pexels-photo-774909.jpeg?auto=compress&cs=tinysrgb&fit=crop&h=627&w=1200',
      tiny: 'https://images.pexels.com/photos/774909/pexels-photo-774909.jpeg?auto=compress&cs=tinysrgb&dpr=1&fit=crop&h=200&w=280'
    },
    liked: false
  },
  {
    id: 1858175,
    width: 3333,
    height: 5000,
    url: 'https://www.pexels.com/photo/woman-sitting-and-smiling-1858175/',
    photographer: 'Guilherme  Almeida',
    photographer_url: 'https://www.pexels.com/@guilhermealmeida',
    photographer_id: 178011,
    avg_color: '#8E7A6A',
    src: {
      original: 'https://images.pexels.com/photos/1858175/pexels-photo-1858175.jpeg',
      large2x: 'https://images.pexels.com/photos/1858175/pexels-photo-1858175.jpeg?auto=compress&cs=tinysrgb&dpr=2&h=650&w=940',
      large: 'https://images.pexels.com/photos/1858175/pexels-photo-1858175.jpeg?auto=compress&cs=tinysrgb&h=650&w=940',
      medium: 'https://images.pexels.com/photos/1858175/pexels-photo-1858175.jpeg?auto=compress&cs=tinysrgb&h=350',
      small: 'https://images.pexels.com/photos/1858175/pexels-photo-1858175.jpeg?auto=compress&cs=tinysrgb&h=130',
      portrait: 'https://images.pexels.com/photos/1858175/pexels-photo-1858175.jpeg?auto=compress&cs=tinysrgb&fit=crop&h=1200&w=800',
      landscape: 'https://images.pexels.com/photos/1858175/pexels-photo-1858175.jpeg?auto=compress&cs=tinysrgb&fit=crop&h=627&w=1200',
      tiny: 'https://images.pexels.com/photos/1858175/pexels-photo-1858175.jpeg?auto=compress&cs=tinysrgb&dpr=1&fit=crop&h=200&w=280'
    },
    liked: false
  },
  {
    id: 941693,
    width: 5330,
    height: 4610,
    url: 'https://www.pexels.com/photo/man-in-red-crew-neck-sweatshirt-photography-941693/',
    photographer: 'Andrea Piacquadio',
    photographer_url: 'https://www.pexels.com/@olly',
    photographer_id: 224453,
    avg_color: '#939CAA',
    src: {
      original: 'https://images.pexels.com/photos/941693/pexels-photo-941693.jpeg',
      large2x: 'https://images.pexels.com/photos/941693/pexels-photo-941693.jpeg?auto=compress&cs=tinysrgb&dpr=2&h=650&w=940',
      large: 'https://images.pexels.com/photos/941693/pexels-photo-941693.jpeg?auto=compress&cs=tinysrgb&h=650&w=940',
      medium: 'https://images.pexels.com/photos/941693/pexels-photo-941693.jpeg?auto=compress&cs=tinysrgb&h=350',
      small: 'https://images.pexels.com/photos/941693/pexels-photo-941693.jpeg?auto=compress&cs=tinysrgb&h=130',
      portrait: 'https://images.pexels.com/photos/941693/pexels-photo-941693.jpeg?auto=compress&cs=tinysrgb&fit=crop&h=1200&w=800',
      landscape: 'https://images.pexels.com/photos/941693/pexels-photo-941693.jpeg?auto=compress&cs=tinysrgb&fit=crop&h=627&w=1200',
      tiny: 'https://images.pexels.com/photos/941693/pexels-photo-941693.jpeg?auto=compress&cs=tinysrgb&dpr=1&fit=crop&h=200&w=280'
    },
    liked: false
  },
  {
    id: 1130626,
    width: 3355,
    height: 5033,
    url: 'https://www.pexels.com/photo/closeup-photo-of-smiling-woman-wearing-blue-denim-jacket-1130626/',
    photographer: 'Vinicius Wiesehofer',
    photographer_url: 'https://www.pexels.com/@vinicius-wiesehofer-289347',
    photographer_id: 289347,
    avg_color: '#4F5667',
    src: {
      original: 'https://images.pexels.com/photos/1130626/pexels-photo-1130626.jpeg',
      large2x: 'https://images.pexels.com/photos/1130626/pexels-photo-1130626.jpeg?auto=compress&cs=tinysrgb&dpr=2&h=650&w=940',
      large: 'https://images.pexels.com/photos/1130626/pexels-photo-1130626.jpeg?auto=compress&cs=tinysrgb&h=650&w=940',
      medium: 'https://images.pexels.com/photos/1130626/pexels-photo-1130626.jpeg?auto=compress&cs=tinysrgb&h=350',
      small: 'https://images.pexels.com/photos/1130626/pexels-photo-1130626.jpeg?auto=compress&cs=tinysrgb&h=130',
      portrait: 'https://images.pexels.com/photos/1130626/pexels-photo-1130626.jpeg?auto=compress&cs=tinysrgb&fit=crop&h=1200&w=800',
      landscape: 'https://images.pexels.com/photos/1130626/pexels-photo-1130626.jpeg?auto=compress&cs=tinysrgb&fit=crop&h=627&w=1200',
      tiny: 'https://images.pexels.com/photos/1130626/pexels-photo-1130626.jpeg?auto=compress&cs=tinysrgb&dpr=1&fit=crop&h=200&w=280'
    },
    liked: false
  },
  {
    id: 1776862,
    width: 5472,
    height: 3648,
    url: 'https://www.pexels.com/photo/woman-wearing-teal-off-shoulder-dress-1776862/',
    photographer: 'Dalila Dalprat',
    photographer_url: 'https://www.pexels.com/@daliladalprat',
    photographer_id: 863407,
    avg_color: '#B4AAA7',
    src: {
      original: 'https://images.pexels.com/photos/1776862/pexels-photo-1776862.jpeg',
      large2x: 'https://images.pexels.com/photos/1776862/pexels-photo-1776862.jpeg?auto=compress&cs=tinysrgb&dpr=2&h=650&w=940',
      large: 'https://images.pexels.com/photos/1776862/pexels-photo-1776862.jpeg?auto=compress&cs=tinysrgb&h=650&w=940',
      medium: 'https://images.pexels.com/photos/1776862/pexels-photo-1776862.jpeg?auto=compress&cs=tinysrgb&h=350',
      small: 'https://images.pexels.com/photos/1776862/pexels-photo-1776862.jpeg?auto=compress&cs=tinysrgb&h=130',
      portrait: 'https://images.pexels.com/photos/1776862/pexels-photo-1776862.jpeg?auto=compress&cs=tinysrgb&fit=crop&h=1200&w=800',
      landscape: 'https://images.pexels.com/photos/1776862/pexels-photo-1776862.jpeg?auto=compress&cs=tinysrgb&fit=crop&h=627&w=1200',
      tiny: 'https://images.pexels.com/photos/1776862/pexels-photo-1776862.jpeg?auto=compress&cs=tinysrgb&dpr=1&fit=crop&h=200&w=280'
    },
    liked: false
  },
  {
    id: 1236678,
    width: 5616,
    height: 3744,
    url: 'https://www.pexels.com/photo/woman-holding-a-smiley-balloon-1236678/',
    photographer: 'Julia Avamotive',
    photographer_url: 'https://www.pexels.com/@stockphotoartist',
    photographer_id: 388899,
    avg_color: '#C8C2C1',
    src: {
      original: 'https://images.pexels.com/photos/1236678/pexels-photo-1236678.jpeg',
      large2x: 'https://images.pexels.com/photos/1236678/pexels-photo-1236678.jpeg?auto=compress&cs=tinysrgb&dpr=2&h=650&w=940',
      large: 'https://images.pexels.com/photos/1236678/pexels-photo-1236678.jpeg?auto=compress&cs=tinysrgb&h=650&w=940',
      medium: 'https://images.pexels.com/photos/1236678/pexels-photo-1236678.jpeg?auto=compress&cs=tinysrgb&h=350',
      small: 'https://images.pexels.com/photos/1236678/pexels-photo-1236678.jpeg?auto=compress&cs=tinysrgb&h=130',
      portrait: 'https://images.pexels.com/photos/1236678/pexels-photo-1236678.jpeg?auto=compress&cs=tinysrgb&fit=crop&h=1200&w=800',
      landscape: 'https://images.pexels.com/photos/1236678/pexels-photo-1236678.jpeg?auto=compress&cs=tinysrgb&fit=crop&h=627&w=1200',
      tiny: 'https://images.pexels.com/photos/1236678/pexels-photo-1236678.jpeg?auto=compress&cs=tinysrgb&dpr=1&fit=crop&h=200&w=280'
    },
    liked: false
  },
  {
    id: 207983,
    width: 5412,
    height: 3811,
    url: 'https://www.pexels.com/photo/two-yellow-emoji-on-yellow-case-207983/',
    photographer: 'Pixabay',
    photographer_url: 'https://www.pexels.com/@pixabay',
    photographer_id: 2659,
    avg_color: '#604A1F',
    src: {
      original: 'https://images.pexels.com/photos/207983/pexels-photo-207983.jpeg',
      large2x: 'https://images.pexels.com/photos/207983/pexels-photo-207983.jpeg?auto=compress&cs=tinysrgb&dpr=2&h=650&w=940',
      large: 'https://images.pexels.com/photos/207983/pexels-photo-207983.jpeg?auto=compress&cs=tinysrgb&h=650&w=940',
      medium: 'https://images.pexels.com/photos/207983/pexels-photo-207983.jpeg?auto=compress&cs=tinysrgb&h=350',
      small: 'https://images.pexels.com/photos/207983/pexels-photo-207983.jpeg?auto=compress&cs=tinysrgb&h=130',
      portrait: 'https://images.pexels.com/photos/207983/pexels-photo-207983.jpeg?auto=compress&cs=tinysrgb&fit=crop&h=1200&w=800',
      landscape: 'https://images.pexels.com/photos/207983/pexels-photo-207983.jpeg?auto=compress&cs=tinysrgb&fit=crop&h=627&w=1200',
      tiny: 'https://images.pexels.com/photos/207983/pexels-photo-207983.jpeg?auto=compress&cs=tinysrgb&dpr=1&fit=crop&h=200&w=280'
    },
    liked: false
  },
  {
    id: 774866,
    width: 5760,
    height: 3840,
    url: 'https://www.pexels.com/photo/photo-of-woman-looking-at-the-mirror-774866/',
    photographer: 'Andrea Piacquadio',
    photographer_url: 'https://www.pexels.com/@olly',
    photographer_id: 224453,
    avg_color: '#AE9E8E',
    src: {
      original: 'https://images.pexels.com/photos/774866/pexels-photo-774866.jpeg',
      large2x: 'https://images.pexels.com/photos/774866/pexels-photo-774866.jpeg?auto=compress&cs=tinysrgb&dpr=2&h=650&w=940',
      large: 'https://images.pexels.com/photos/774866/pexels-photo-774866.jpeg?auto=compress&cs=tinysrgb&h=650&w=940',
      medium: 'https://images.pexels.com/photos/774866/pexels-photo-774866.jpeg?auto=compress&cs=tinysrgb&h=350',
      small: 'https://images.pexels.com/photos/774866/pexels-photo-774866.jpeg?auto=compress&cs=tinysrgb&h=130',
      portrait: 'https://images.pexels.com/photos/774866/pexels-photo-774866.jpeg?auto=compress&cs=tinysrgb&fit=crop&h=1200&w=800',
      landscape: 'https://images.pexels.com/photos/774866/pexels-photo-774866.jpeg?auto=compress&cs=tinysrgb&fit=crop&h=627&w=1200',
      tiny: 'https://images.pexels.com/photos/774866/pexels-photo-774866.jpeg?auto=compress&cs=tinysrgb&dpr=1&fit=crop&h=200&w=280'
    },
    liked: false
  },
  {
    id: 908602,
    width: 2000,
    height: 1333,
    url: 'https://www.pexels.com/photo/two-women-smiling-908602/',
    photographer: 'Daniel Xavier',
    photographer_url: 'https://www.pexels.com/@danxavier',
    photographer_id: 257531,
    avg_color: '#836E67',
    src: {
      original: 'https://images.pexels.com/photos/908602/pexels-photo-908602.jpeg',
      large2x: 'https://images.pexels.com/photos/908602/pexels-photo-908602.jpeg?auto=compress&cs=tinysrgb&dpr=2&h=650&w=940',
      large: 'https://images.pexels.com/photos/908602/pexels-photo-908602.jpeg?auto=compress&cs=tinysrgb&h=650&w=940',
      medium: 'https://images.pexels.com/photos/908602/pexels-photo-908602.jpeg?auto=compress&cs=tinysrgb&h=350',
      small: 'https://images.pexels.com/photos/908602/pexels-photo-908602.jpeg?auto=compress&cs=tinysrgb&h=130',
      portrait: 'https://images.pexels.com/photos/908602/pexels-photo-908602.jpeg?auto=compress&cs=tinysrgb&fit=crop&h=1200&w=800',
      landscape: 'https://images.pexels.com/photos/908602/pexels-photo-908602.jpeg?auto=compress&cs=tinysrgb&fit=crop&h=627&w=1200',
      tiny: 'https://images.pexels.com/photos/908602/pexels-photo-908602.jpeg?auto=compress&cs=tinysrgb&dpr=1&fit=crop&h=200&w=280'
    },
    liked: false
  },
  {
    id: 789822,
    width: 5760,
    height: 3840,
    url: 'https://www.pexels.com/photo/woman-in-white-blazer-holding-tablet-computer-789822/',
    photographer: 'Andrea Piacquadio',
    photographer_url: 'https://www.pexels.com/@olly',
    photographer_id: 224453,
    avg_color: '#B0AFAD',
    src: {
      original: 'https://images.pexels.com/photos/789822/pexels-photo-789822.jpeg',
      large2x: 'https://images.pexels.com/photos/789822/pexels-photo-789822.jpeg?auto=compress&cs=tinysrgb&dpr=2&h=650&w=940',
      large: 'https://images.pexels.com/photos/789822/pexels-photo-789822.jpeg?auto=compress&cs=tinysrgb&h=650&w=940',
      medium: 'https://images.pexels.com/photos/789822/pexels-photo-789822.jpeg?auto=compress&cs=tinysrgb&h=350',
      small: 'https://images.pexels.com/photos/789822/pexels-photo-789822.jpeg?auto=compress&cs=tinysrgb&h=130',
      portrait: 'https://images.pexels.com/photos/789822/pexels-photo-789822.jpeg?auto=compress&cs=tinysrgb&fit=crop&h=1200&w=800',
      landscape: 'https://images.pexels.com/photos/789822/pexels-photo-789822.jpeg?auto=compress&cs=tinysrgb&fit=crop&h=627&w=1200',
      tiny: 'https://images.pexels.com/photos/789822/pexels-photo-789822.jpeg?auto=compress&cs=tinysrgb&dpr=1&fit=crop&h=200&w=280'
    },
    liked: false
  },
  {
    id: 264196,
    width: 4722,
    height: 4000,
    url: 'https://www.pexels.com/photo/attention-caution-danger-forbidden-264196/',
    photographer: 'Pixabay',
    photographer_url: 'https://www.pexels.com/@pixabay',
    photographer_id: 2659,
    avg_color: '#7C4D4A',
    src: {
      original: 'https://images.pexels.com/photos/264196/pexels-photo-264196.jpeg',
      large2x: 'https://images.pexels.com/photos/264196/pexels-photo-264196.jpeg?auto=compress&cs=tinysrgb&dpr=2&h=650&w=940',
      large: 'https://images.pexels.com/photos/264196/pexels-photo-264196.jpeg?auto=compress&cs=tinysrgb&h=650&w=940',
      medium: 'https://images.pexels.com/photos/264196/pexels-photo-264196.jpeg?auto=compress&cs=tinysrgb&h=350',
      small: 'https://images.pexels.com/photos/264196/pexels-photo-264196.jpeg?auto=compress&cs=tinysrgb&h=130',
      portrait: 'https://images.pexels.com/photos/264196/pexels-photo-264196.jpeg?auto=compress&cs=tinysrgb&fit=crop&h=1200&w=800',
      landscape: 'https://images.pexels.com/photos/264196/pexels-photo-264196.jpeg?auto=compress&cs=tinysrgb&fit=crop&h=627&w=1200',
      tiny: 'https://images.pexels.com/photos/264196/pexels-photo-264196.jpeg?auto=compress&cs=tinysrgb&dpr=1&fit=crop&h=200&w=280'
    },
    liked: false
  },
  {
    id: 91227,
    width: 6200,
    height: 3600,
    url: 'https://www.pexels.com/photo/man-on-gray-shirt-portrait-91227/',
    photographer: 'Stefan Stefancik',
    photographer_url: 'https://www.pexels.com/@stefanstefancik',
    photographer_id: 7344,
    avg_color: '#1F1F1F',
    src: {
      original: 'https://images.pexels.com/photos/91227/pexels-photo-91227.jpeg',
      large2x: 'https://images.pexels.com/photos/91227/pexels-photo-91227.jpeg?auto=compress&cs=tinysrgb&dpr=2&h=650&w=940',
      large: 'https://images.pexels.com/photos/91227/pexels-photo-91227.jpeg?auto=compress&cs=tinysrgb&h=650&w=940',
      medium: 'https://images.pexels.com/photos/91227/pexels-photo-91227.jpeg?auto=compress&cs=tinysrgb&h=350',
      small: 'https://images.pexels.com/photos/91227/pexels-photo-91227.jpeg?auto=compress&cs=tinysrgb&h=130',
      portrait: 'https://images.pexels.com/photos/91227/pexels-photo-91227.jpeg?auto=compress&cs=tinysrgb&fit=crop&h=1200&w=800',
      landscape: 'https://images.pexels.com/photos/91227/pexels-photo-91227.jpeg?auto=compress&cs=tinysrgb&fit=crop&h=627&w=1200',
      tiny: 'https://images.pexels.com/photos/91227/pexels-photo-91227.jpeg?auto=compress&cs=tinysrgb&dpr=1&fit=crop&h=200&w=280'
    },
    liked: false
  },
  {
    id: 208147,
    width: 5904,
    height: 3742,
    url: 'https://www.pexels.com/photo/yellow-cube-on-brown-pavement-208147/',
    photographer: 'Pixabay',
    photographer_url: 'https://www.pexels.com/@pixabay',
    photographer_id: 2659,
    avg_color: '#88826E',
    src: {
      original: 'https://images.pexels.com/photos/208147/pexels-photo-208147.jpeg',
      large2x: 'https://images.pexels.com/photos/208147/pexels-photo-208147.jpeg?auto=compress&cs=tinysrgb&dpr=2&h=650&w=940',
      large: 'https://images.pexels.com/photos/208147/pexels-photo-208147.jpeg?auto=compress&cs=tinysrgb&h=650&w=940',
      medium: 'https://images.pexels.com/photos/208147/pexels-photo-208147.jpeg?auto=compress&cs=tinysrgb&h=350',
      small: 'https://images.pexels.com/photos/208147/pexels-photo-208147.jpeg?auto=compress&cs=tinysrgb&h=130',
      portrait: 'https://images.pexels.com/photos/208147/pexels-photo-208147.jpeg?auto=compress&cs=tinysrgb&fit=crop&h=1200&w=800',
      landscape: 'https://images.pexels.com/photos/208147/pexels-photo-208147.jpeg?auto=compress&cs=tinysrgb&fit=crop&h=627&w=1200',
      tiny: 'https://images.pexels.com/photos/208147/pexels-photo-208147.jpeg?auto=compress&cs=tinysrgb&dpr=1&fit=crop&h=200&w=280'
    },
    liked: false
  }
]
