[2020-11-13T16:30:48.640] [INFO] default - [
  {
    id: 'ILbM3fiU2qPTR5ikV3G67Q',
    alias: 'e-48th-street-market-dunwoody',
    name: 'E. 48th Street Market',
    image_url: 'https://s3-media4.fl.yelpcdn.com/bphoto/vJzrocNYMamal3HmUQNNQQ/o.jpg',
    is_closed: false,
    url: 'https://www.yelp.com/biz/e-48th-street-market-dunwoody?adjust_creative=wZg7pvvv-7fTHL9_XJ-PQQ&utm_campaign=yelp_api_v3&utm_medium=api_v3_business_search&utm_source=wZg7pvvv-7fTHL9_XJ-PQQ',
    review_count: 217,
    categories: [ [Object], [Object] ],
    rating: 4.5,
    coordinates: { latitude: 33.958367, longitude: -84.304212 },
    transactions: [ 'delivery' ],
    price: '$',
    location: {
      address1: '2462 Jett Ferry',
      address2: '',
      address3: '',
      city: 'Dunwoody',
      zip_code: '30338',
      country: 'US',
      state: 'GA',
      display_address: [Array]
    },
    phone: '+17703921499',
    display_phone: '(770) 392-1499',
    distance: 2043.327932473705,
    dataSource: 'yelp',
    creationDate: 2020-11-13T21:30:48.622Z
  },
  {
    id: 'dqZWU5lP2ElXxJK3kY2NwA',
    alias: 'grubys-new-york-deli-atlanta',
    name: " Gruby's New York Deli",
    image_url: 'https://s3-media1.fl.yelpcdn.com/bphoto/YDW-2-vxJ9Ur0s9U1ZZrNA/o.jpg',
    is_closed: false,
    url: 'https://www.yelp.com/biz/grubys-new-york-deli-atlanta?adjust_creative=wZg7pvvv-7fTHL9_XJ-PQQ&utm_campaign=yelp_api_v3&utm_medium=api_v3_business_search&utm_source=wZg7pvvv-7fTHL9_XJ-PQQ',
    review_count: 117,
    categories: [ [Object], [Object], [Object] ],
    rating: 3.5,
    coordinates: { latitude: 33.90752, longitude: -84.35888 },
    transactions: [ 'delivery' ],
    price: '$$',
    location: {
      address1: '860 Johnson Ferry Rd NE',
      address2: '',
      address3: '',
      city: 'Atlanta',
      zip_code: '30342',
      country: 'US',
      state: 'GA',
      display_address: [Array]
    },
    phone: '+14042360060',
    display_phone: '(404) 236-0060',
    distance: 5560.961807856083,
    dataSource: 'yelp',
    creationDate: 2020-11-13T21:30:48.631Z
  },
  {
    id: 'B0UvyqjfYDP14ZAV_-wxAA',
    alias: 'uncle-brunos-deli-atlanta',
    name: 'Uncle Brunos Deli',
    image_url: 'https://s3-media2.fl.yelpcdn.com/bphoto/9-5MD_I32tGf8uSdXprtkw/o.jpg',
    is_closed: false,
    url: 'https://www.yelp.com/biz/uncle-brunos-deli-atlanta?adjust_creative=wZg7pvvv-7fTHL9_XJ-PQQ&utm_campaign=yelp_api_v3&utm_medium=api_v3_business_search&utm_source=wZg7pvvv-7fTHL9_XJ-PQQ',
    review_count: 17,
    categories: [ [Object], [Object], [Object] ],
    rating: 4.5,
    coordinates: { latitude: 33.9149820983844, longitude: -84.360738113353 },
    transactions: [ 'delivery' ],
    price: '$',
    location: {
      address1: '5825 Glenridge Dr NE',
      address2: 'Bldg 2, Ste 115',
      address3: '',
      city: 'Atlanta',
      zip_code: '30328',
      country: 'US',
      state: 'GA',
      display_address: [Array]
    },
    phone: '+14048431120',
    display_phone: '(404) 843-1120',
    distance: 5123.426678683752,
    dataSource: 'yelp',
    creationDate: 2020-11-13T21:30:48.633Z
  },
  {
    id: 'Z8XWRWaOnjwuJOWbnnGQ1w',
    alias: 'alons-bakery-and-market-dunwoody',
    name: "Alon's Bakery and Market",
    image_url: 'https://s3-media2.fl.yelpcdn.com/bphoto/FsL9KjpAY7-NXJrUCpIRxg/o.jpg',
    is_closed: false,
    url: 'https://www.yelp.com/biz/alons-bakery-and-market-dunwoody?adjust_creative=wZg7pvvv-7fTHL9_XJ-PQQ&utm_campaign=yelp_api_v3&utm_medium=api_v3_business_search&utm_source=wZg7pvvv-7fTHL9_XJ-PQQ',
    review_count: 591,
    categories: [ [Object], [Object], [Object] ],
    rating: 4,
    coordinates: { latitude: 33.925096, longitude: -84.336078 },
    transactions: [ 'pickup', 'delivery' ],
    price: '$$',
    location: {
      address1: '4505 Ashford Dunwoody Rd NE',
      address2: null,
      address3: '',
      city: 'Dunwoody',
      zip_code: '30346',
      country: 'US',
      state: 'GA',
      display_address: [Array]
    },
    phone: '+16783971781',
    display_phone: '(678) 397-1781',
    distance: 2749.1567443687973,
    dataSource: 'yelp',
    creationDate: 2020-11-13T21:30:48.635Z
  },
  {
    id: 'Kwu_J2NlKBbGraGsxfM6vg',
    alias: 'jacks-new-yorker-deli-atlanta',
    name: "Jack's New Yorker Deli",
    image_url: 'https://s3-media2.fl.yelpcdn.com/bphoto/0jujYCllCubnfR19V-SB1Q/o.jpg',
    is_closed: false,
    url: 'https://www.yelp.com/biz/jacks-new-yorker-deli-atlanta?adjust_creative=wZg7pvvv-7fTHL9_XJ-PQQ&utm_campaign=yelp_api_v3&utm_medium=api_v3_business_search&utm_source=wZg7pvvv-7fTHL9_XJ-PQQ',
    review_count: 197,
    categories: [ [Object], [Object], [Object] ],
    rating: 4,
    coordinates: { latitude: 33.8456973376135, longitude: -84.3720575062501 },
    transactions: [ 'pickup', 'delivery' ],
    price: '$$',
    location: {
      address1: '3333 Piedmont Rd NE',
      address2: '',
      address3: '',
      city: 'Atlanta',
      zip_code: '30305',
      country: 'US',
      state: 'GA',
      display_address: [Array]
    },
    phone: '+14048697776',
    display_phone: '(404) 869-7776',
    distance: 11989.531724789138,
    dataSource: 'yelp',
    creationDate: 2020-11-13T21:30:48.636Z
  },
  {
    id: 'a8QW93-K1MwZ553hXAYLhg',
    alias: 'goldbergs-fine-foods-dunwoody-atlanta',
    name: 'Goldbergs Fine Foods - Dunwoody',
    image_url: 'https://s3-media2.fl.yelpcdn.com/bphoto/NWOejKMexJDuyBMbQw2dpQ/o.jpg',
    is_closed: false,
    url: 'https://www.yelp.com/biz/goldbergs-fine-foods-dunwoody-atlanta?adjust_creative=wZg7pvvv-7fTHL9_XJ-PQQ&utm_campaign=yelp_api_v3&utm_medium=api_v3_business_search&utm_source=wZg7pvvv-7fTHL9_XJ-PQQ',
    review_count: 268,
    categories: [ [Object], [Object] ],
    rating: 3.5,
    coordinates: { latitude: 33.9229647734574, longitude: -84.3148936458008 },
    transactions: [ 'pickup', 'delivery' ],
    price: '$$',
    location: {
      address1: '4520 Chamblee Dunwoody Rd',
      address2: '',
      address3: '',
      city: 'Atlanta',
      zip_code: '30338',
      country: 'US',
      state: 'GA',
      display_address: [Array]
    },
    phone: '+17704551119',
    display_phone: '(770) 455-1119',
    distance: 2274.791081964657,
    dataSource: 'yelp',
    creationDate: 2020-11-13T21:30:48.636Z
  },
  {
    id: 'AS_r7z1MKVWy8-ip3hfvRw',
    alias: 'baldinos-giant-jersey-subs-doraville',
    name: 'Baldinos Giant Jersey Subs',
    image_url: 'https://s3-media3.fl.yelpcdn.com/bphoto/GOto1dbL3RyaKKfy3pYFiQ/o.jpg',
    is_closed: false,
    url: 'https://www.yelp.com/biz/baldinos-giant-jersey-subs-doraville?adjust_creative=wZg7pvvv-7fTHL9_XJ-PQQ&utm_campaign=yelp_api_v3&utm_medium=api_v3_business_search&utm_source=wZg7pvvv-7fTHL9_XJ-PQQ',
    review_count: 252,
    categories: [ [Object] ],
    rating: 4.5,
    coordinates: { latitude: 33.906113, longitude: -84.269445 },
    transactions: [ 'delivery' ],
    price: '$',
    location: {
      address1: '5697 Buford Hwy NE',
      address2: '',
      address3: '',
      city: 'Doraville',
      zip_code: '30340',
      country: 'US',
      state: 'GA',
      display_address: [Array]
    },
    phone: '+17704558570',
    display_phone: '(770) 455-8570',
    distance: 6031.434262425556,
    dataSource: 'yelp',
    creationDate: 2020-11-13T21:30:48.637Z
  },
  {
    id: 'Ly40KL_bzgYc9T7fguhOlA',
    alias: 'new-york-butcher-shoppe-sandy-springs',
    name: 'New York Butcher Shoppe',
    image_url: 'https://s3-media4.fl.yelpcdn.com/bphoto/8AVzHeaVkwrYPOvRAgbc7Q/o.jpg',
    is_closed: false,
    url: 'https://www.yelp.com/biz/new-york-butcher-shoppe-sandy-springs?adjust_creative=wZg7pvvv-7fTHL9_XJ-PQQ&utm_campaign=yelp_api_v3&utm_medium=api_v3_business_search&utm_source=wZg7pvvv-7fTHL9_XJ-PQQ',
    review_count: 32,
    categories: [ [Object] ],
    rating: 4.5,
    coordinates: { latitude: 33.89016, longitude: -84.38077 },
    transactions: [],
    price: '$$$',
    location: {
      address1: '4969 Roswell Rd NE',
      address2: '',
      address3: '',
      city: 'Sandy Springs',
      zip_code: '30342',
      country: 'US',
      state: 'GA',
      display_address: [Array]
    },
    phone: '+14043030704',
    display_phone: '(404) 303-0704',
    distance: 8349.565207632506,
    dataSource: 'yelp',
    creationDate: 2020-11-13T21:30:48.638Z
  },
  {
    id: 'ZvEAtWWlsFT134caOtdFFA',
    alias: 'buon-fornello-sandy-springs',
    name: 'Buon Fornello',
    image_url: 'https://s3-media4.fl.yelpcdn.com/bphoto/uPkVYfr37Kq5q7QznY-Lsg/o.jpg',
    is_closed: false,
    url: 'https://www.yelp.com/biz/buon-fornello-sandy-springs?adjust_creative=wZg7pvvv-7fTHL9_XJ-PQQ&utm_campaign=yelp_api_v3&utm_medium=api_v3_business_search&utm_source=wZg7pvvv-7fTHL9_XJ-PQQ',
    review_count: 68,
    categories: [ [Object], [Object], [Object] ],
    rating: 5,
    coordinates: { latitude: 33.91993, longitude: -84.35281 },
    transactions: [],
    price: '$',
    location: {
      address1: '1100 Hammond Dr',
      address2: null,
      address3: '',
      city: 'Sandy Springs',
      zip_code: '30328',
      country: 'US',
      state: 'GA',
      display_address: [Array]
    },
    phone: '+17707100038',
    display_phone: '(770) 710-0038',
    distance: 4217.984761646186,
    dataSource: 'yelp',
    creationDate: 2020-11-13T21:30:48.638Z
  },
  {
    id: 'DH2PvpVLZdntHZfazKCXQg',
    alias: 'jasons-deli-atlanta-2',
    name: "Jason's Deli",
    image_url: 'https://s3-media3.fl.yelpcdn.com/bphoto/vtzYmcNqOBGDVUkii3Chug/o.jpg',
    is_closed: false,
    url: 'https://www.yelp.com/biz/jasons-deli-atlanta-2?adjust_creative=wZg7pvvv-7fTHL9_XJ-PQQ&utm_campaign=yelp_api_v3&utm_medium=api_v3_business_search&utm_source=wZg7pvvv-7fTHL9_XJ-PQQ',
    review_count: 77,
    categories: [ [Object], [Object], [Object] ],
    rating: 3.5,
    coordinates: { latitude: 33.9318326, longitude: -84.3372539 },
    transactions: [ 'pickup', 'delivery' ],
    price: '$',
    location: {
      address1: '4705 Ashford Dunwoody Rd',
      address2: '',
      address3: '',
      city: 'Atlanta',
      zip_code: '30338',
      country: 'US',
      state: 'GA',
      display_address: [Array]
    },
    phone: '+17706711555',
    display_phone: '(770) 671-1555',
    distance: 2119.380834190858,
    dataSource: 'yelp',
    creationDate: 2020-11-13T21:30:48.639Z
  }
]
